mode: set
github.com/vmpx/vmp-x/cmd/argdump/main.go:9.48,11.16 2 0
github.com/vmpx/vmp-x/cmd/argdump/main.go:11.16,14.3 2 0
github.com/vmpx/vmp-x/cmd/argdump/main.go:15.2,16.34 2 0
github.com/vmpx/vmp-x/cmd/argdump/main.go:16.34,18.3 1 0
github.com/vmpx/vmp-x/cmd/argdump/main.go:21.13,28.2 4 0
github.com/vmpx/vmp-x/cmd/elfhdrprobe/main.go:9.13,10.32 1 0
github.com/vmpx/vmp-x/cmd/elfhdrprobe/main.go:10.32,12.17 2 0
github.com/vmpx/vmp-x/cmd/elfhdrprobe/main.go:12.17,14.12 2 0
github.com/vmpx/vmp-x/cmd/elfhdrprobe/main.go:16.3,17.30 2 0
github.com/vmpx/vmp-x/cmd/elfhdrprobe/main.go:17.30,20.4 1 0
github.com/vmpx/vmp-x/cmd/elfhdrprobe/main.go:21.3,21.12 1 0
github.com/vmpx/vmp-x/cmd/replace/main.go:12.13,13.22 1 0
github.com/vmpx/vmp-x/cmd/replace/main.go:13.22,16.3 2 0
github.com/vmpx/vmp-x/cmd/replace/main.go:18.2,19.23 2 0
github.com/vmpx/vmp-x/cmd/replace/main.go:19.23,21.3 1 0
github.com/vmpx/vmp-x/cmd/replace/main.go:22.2,23.16 2 0
github.com/vmpx/vmp-x/cmd/replace/main.go:23.16,26.3 2 0
github.com/vmpx/vmp-x/cmd/replace/main.go:27.2,29.12 3 0
github.com/vmpx/vmp-x/cmd/replace/main.go:29.12,32.3 2 0
github.com/vmpx/vmp-x/cmd/replace/main.go:33.2,34.67 2 0
github.com/vmpx/vmp-x/cmd/replace/main.go:34.67,37.3 2 0
github.com/vmpx/vmp-x/cmd/replace/main.go:38.2,38.34 1 0
github.com/vmpx/vmp-x/cmd/elfprobe/main.go:10.13,11.22 1 0
github.com/vmpx/vmp-x/cmd/elfprobe/main.go:11.22,14.3 2 0
github.com/vmpx/vmp-x/cmd/elfprobe/main.go:15.2,16.16 2 0
github.com/vmpx/vmp-x/cmd/elfprobe/main.go:16.16,19.3 2 0
github.com/vmpx/vmp-x/cmd/elfprobe/main.go:20.2,26.28 6 0
github.com/vmpx/vmp-x/cmd/elfprobe/main.go:26.28,27.55 1 0
github.com/vmpx/vmp-x/cmd/elfprobe/main.go:27.55,29.4 1 0
github.com/vmpx/vmp-x/cmd/elfprobe/main.go:30.3,30.43 1 0
github.com/vmpx/vmp-x/cmd/elfprobe/main.go:30.43,32.4 1 0
github.com/vmpx/vmp-x/cmd/elfprobe/main.go:34.2,36.28 3 0
github.com/vmpx/vmp-x/cmd/elfprobe/main.go:36.28,40.3 2 0
github.com/vmpx/vmp-x/cmd/elfprobe/main.go:41.2,43.31 3 0
github.com/vmpx/vmp-x/cmd/elfprobe/main.go:43.31,44.40 1 0
github.com/vmpx/vmp-x/cmd/elfprobe/main.go:44.40,48.4 2 0
github.com/vmpx/vmp-x/cmd/elfprobe/main.go:50.2,50.23 1 0
github.com/vmpx/vmp-x/cmd/elfprobe/main.go:50.23,53.18 3 0
github.com/vmpx/vmp-x/cmd/elfprobe/main.go:53.18,55.4 1 0
github.com/vmpx/vmp-x/cmd/elfprobe/main.go:56.3,56.26 1 0
github.com/vmpx/vmp-x/cmd/elfprobe/main.go:56.26,57.22 1 0
github.com/vmpx/vmp-x/cmd/elfprobe/main.go:57.22,61.5 2 0
github.com/vmpx/vmp-x/cmd/peprobe/main.go:15.13,16.22 1 0
github.com/vmpx/vmp-x/cmd/peprobe/main.go:16.22,19.3 2 0
github.com/vmpx/vmp-x/cmd/peprobe/main.go:20.2,22.23 3 0
github.com/vmpx/vmp-x/cmd/peprobe/main.go:22.23,24.26 2 0
github.com/vmpx/vmp-x/cmd/peprobe/main.go:24.26,27.4 2 0
github.com/vmpx/vmp-x/cmd/peprobe/main.go:28.3,28.8 1 0
github.com/vmpx/vmp-x/cmd/peprobe/main.go:30.2,31.23 2 0
github.com/vmpx/vmp-x/cmd/peprobe/main.go:31.23,33.3 1 0
github.com/vmpx/vmp-x/cmd/peprobe/main.go:35.2,36.16 2 0
github.com/vmpx/vmp-x/cmd/peprobe/main.go:36.16,39.3 2 0
github.com/vmpx/vmp-x/cmd/peprobe/main.go:40.2,44.25 4 0
github.com/vmpx/vmp-x/cmd/peprobe/main.go:44.25,46.3 1 0
github.com/vmpx/vmp-x/cmd/peprobe/main.go:48.2,49.16 2 0
github.com/vmpx/vmp-x/cmd/peprobe/main.go:49.16,52.3 2 0
github.com/vmpx/vmp-x/cmd/peprobe/main.go:53.2,53.36 1 0
github.com/vmpx/vmp-x/cmd/peprobe/main.go:53.36,56.3 2 0
github.com/vmpx/vmp-x/cmd/peprobe/main.go:58.2,64.16 4 0
github.com/vmpx/vmp-x/cmd/peprobe/main.go:64.16,67.3 2 0
github.com/vmpx/vmp-x/cmd/peprobe/main.go:68.2,69.24 2 0
github.com/vmpx/vmp-x/cmd/lift/main.go:18.13,26.29 7 0
github.com/vmpx/vmp-x/cmd/lift/main.go:26.29,29.3 2 0
github.com/vmpx/vmp-x/cmd/lift/main.go:31.2,38.20 6 0
github.com/vmpx/vmp-x/cmd/lift/main.go:38.20,39.51 1 0
github.com/vmpx/vmp-x/cmd/lift/main.go:39.51,43.61 2 0
github.com/vmpx/vmp-x/cmd/lift/main.go:43.61,47.5 3 0
github.com/vmpx/vmp-x/cmd/lift/main.go:50.2,51.16 2 0
github.com/vmpx/vmp-x/cmd/lift/main.go:51.16,53.40 2 0
github.com/vmpx/vmp-x/cmd/lift/main.go:53.40,55.4 1 0
github.com/vmpx/vmp-x/cmd/lift/main.go:56.3,57.13 2 0
github.com/vmpx/vmp-x/cmd/lift/main.go:60.2,67.14 5 0
github.com/vmpx/vmp-x/cmd/lift/main.go:67.14,68.31 1 0
github.com/vmpx/vmp-x/cmd/lift/main.go:68.31,74.4 3 0
github.com/vmpx/vmp-x/cmd/lift/main.go:75.3,76.16 2 0
github.com/vmpx/vmp-x/cmd/lift/main.go:79.2,79.16 1 0
github.com/vmpx/vmp-x/cmd/lift/main.go:79.16,83.3 3 0
github.com/vmpx/vmp-x/cmd/lift/main.go:86.22,87.16 1 0
github.com/vmpx/vmp-x/cmd/lift/main.go:87.16,91.3 3 0
github.com/vmpx/vmp-x/cmd/vmpack/main.go:46.41,46.73 1 0
github.com/vmpx/vmp-x/cmd/vmpack/main.go:47.41,47.75 2 0
github.com/vmpx/vmp-x/cmd/vmpack/main.go:49.13,63.35 13 0
github.com/vmpx/vmp-x/cmd/vmpack/main.go:63.35,66.3 2 0
github.com/vmpx/vmp-x/cmd/vmpack/main.go:67.2,68.19 2 0
github.com/vmpx/vmp-x/cmd/vmpack/main.go:68.19,70.3 1 0
github.com/vmpx/vmp-x/cmd/vmpack/main.go:73.2,80.9 8 0
github.com/vmpx/vmp-x/cmd/vmpack/main.go:80.9,82.3 1 0
github.com/vmpx/vmp-x/cmd/vmpack/main.go:83.2,88.28 4 0
github.com/vmpx/vmp-x/cmd/vmpack/main.go:88.28,90.35 2 0
github.com/vmpx/vmp-x/cmd/vmpack/main.go:90.35,92.4 1 0
github.com/vmpx/vmp-x/cmd/vmpack/main.go:93.3,97.16 5 0
github.com/vmpx/vmp-x/cmd/vmpack/main.go:101.2,103.34 3 0
github.com/vmpx/vmp-x/cmd/vmpack/main.go:103.34,106.21 3 0
github.com/vmpx/vmp-x/cmd/vmpack/main.go:106.21,108.4 1 0
github.com/vmpx/vmp-x/cmd/vmpack/main.go:109.3,111.76 3 0
github.com/vmpx/vmp-x/cmd/vmpack/main.go:111.76,113.49 2 0
github.com/vmpx/vmp-x/cmd/vmpack/main.go:113.49,115.5 1 0
github.com/vmpx/vmp-x/cmd/vmpack/main.go:116.4,116.27 1 0
github.com/vmpx/vmp-x/cmd/vmpack/main.go:116.27,122.5 4 0
github.com/vmpx/vmp-x/cmd/vmpack/main.go:123.4,126.51 4 0
github.com/vmpx/vmp-x/cmd/vmpack/main.go:128.3,129.16 2 0
github.com/vmpx/vmp-x/cmd/vmpack/main.go:132.2,136.21 5 0
github.com/vmpx/vmp-x/cmd/vmpack/main.go:136.21,138.3 1 0
github.com/vmpx/vmp-x/cmd/vmpack/main.go:141.2,142.9 2 0
github.com/vmpx/vmp-x/cmd/vmpack/main.go:143.13,144.21 1 0
github.com/vmpx/vmp-x/cmd/vmpack/main.go:144.21,146.4 1 0
github.com/vmpx/vmp-x/cmd/vmpack/main.go:147.3,147.48 1 0
github.com/vmpx/vmp-x/cmd/vmpack/main.go:148.13,149.27 1 0
github.com/vmpx/vmp-x/cmd/vmpack/main.go:150.13,151.25 1 0
github.com/vmpx/vmp-x/cmd/vmpack/main.go:152.11,153.87 1 0
github.com/vmpx/vmp-x/cmd/vmpack/main.go:155.12,157.23 1 0
github.com/vmpx/vmp-x/cmd/vmpack/main.go:157.23,159.4 1 0
github.com/vmpx/vmp-x/cmd/vmpack/main.go:160.3,161.73 2 0
github.com/vmpx/vmp-x/cmd/vmpack/main.go:161.73,163.4 1 0
github.com/vmpx/vmp-x/cmd/vmpack/main.go:164.3,164.53 1 0
github.com/vmpx/vmp-x/cmd/vmpack/main.go:165.15,166.27 1 0
github.com/vmpx/vmp-x/cmd/vmpack/main.go:167.15,168.25 1 0
github.com/vmpx/vmp-x/cmd/vmpack/main.go:169.11,170.91 1 0
github.com/vmpx/vmp-x/cmd/vmpack/main.go:173.2,177.11 4 0
github.com/vmpx/vmp-x/cmd/vmpack/main.go:177.11,179.3 1 0
github.com/vmpx/vmp-x/cmd/vmpack/main.go:179.8,181.3 1 0
github.com/vmpx/vmp-x/cmd/vmpack/main.go:183.2,183.35 1 0
github.com/vmpx/vmp-x/cmd/vmpack/main.go:183.35,187.3 2 0
github.com/vmpx/vmp-x/cmd/vmpack/main.go:188.2,190.23 3 0
github.com/vmpx/vmp-x/cmd/vmpack/main.go:190.23,194.3 3 0
github.com/vmpx/vmp-x/cmd/vmpack/main.go:195.2,195.15 1 0
github.com/vmpx/vmp-x/cmd/vmpack/main.go:198.29,200.16 2 0
github.com/vmpx/vmp-x/cmd/vmpack/main.go:200.16,202.3 1 0
github.com/vmpx/vmp-x/cmd/vmpack/main.go:203.2,203.18 1 0
github.com/vmpx/vmp-x/cmd/vmpack/main.go:216.86,218.35 2 0
github.com/vmpx/vmp-x/cmd/vmpack/main.go:218.35,220.3 1 0
github.com/vmpx/vmp-x/cmd/vmpack/main.go:221.2,226.29 3 0
github.com/vmpx/vmp-x/cmd/vmpack/main.go:226.29,228.3 1 0
github.com/vmpx/vmp-x/cmd/vmpack/main.go:229.2,229.16 1 0
github.com/vmpx/vmp-x/cmd/vmpack/main.go:233.154,235.29 2 0
github.com/vmpx/vmp-x/cmd/vmpack/main.go:235.29,237.17 2 0
github.com/vmpx/vmp-x/cmd/vmpack/main.go:237.17,239.4 1 0
github.com/vmpx/vmp-x/cmd/vmpack/main.go:240.3,241.17 2 0
github.com/vmpx/vmp-x/cmd/vmpack/main.go:241.17,244.41 3 0
github.com/vmpx/vmp-x/cmd/vmpack/main.go:244.41,247.5 2 0
github.com/vmpx/vmp-x/cmd/vmpack/main.go:248.4,248.14 1 0
github.com/vmpx/vmp-x/cmd/vmpack/main.go:250.3,251.17 2 0
github.com/vmpx/vmp-x/cmd/vmpack/main.go:251.17,253.4 1 0
github.com/vmpx/vmp-x/cmd/vmpack/main.go:255.3,256.17 2 0
github.com/vmpx/vmp-x/cmd/vmpack/main.go:256.17,258.4 1 0
github.com/vmpx/vmp-x/cmd/vmpack/main.go:259.3,263.14 4 0
github.com/vmpx/vmp-x/cmd/vmpack/main.go:263.14,264.32 1 0
github.com/vmpx/vmp-x/cmd/vmpack/main.go:264.32,269.5 3 0
github.com/vmpx/vmp-x/cmd/vmpack/main.go:271.3,271.85 1 0
github.com/vmpx/vmp-x/cmd/vmpack/main.go:273.2,273.19 1 0
github.com/vmpx/vmp-x/cmd/vmpack/main.go:276.241,279.66 3 0
github.com/vmpx/vmp-x/cmd/vmpack/main.go:279.66,281.3 1 0
github.com/vmpx/vmp-x/cmd/vmpack/main.go:282.2,286.44 2 0
github.com/vmpx/vmp-x/cmd/vmpack/main.go:286.44,288.51 2 0
github.com/vmpx/vmp-x/cmd/vmpack/main.go:288.51,290.4 1 0
github.com/vmpx/vmp-x/cmd/vmpack/main.go:291.3,291.29 1 0
github.com/vmpx/vmp-x/cmd/vmpack/main.go:293.2,294.34 2 0
github.com/vmpx/vmp-x/cmd/vmpack/main.go:294.34,299.3 4 0
github.com/vmpx/vmp-x/cmd/vmpack/main.go:299.8,308.17 3 0
github.com/vmpx/vmp-x/cmd/vmpack/main.go:308.17,313.4 4 0
github.com/vmpx/vmp-x/cmd/vmpack/main.go:314.3,314.17 1 0
github.com/vmpx/vmp-x/cmd/vmpack/main.go:314.17,316.4 1 0
github.com/vmpx/vmp-x/cmd/vmpack/main.go:318.3,319.14 2 0
github.com/vmpx/vmp-x/cmd/vmpack/main.go:321.2,322.75 2 0
github.com/vmpx/vmp-x/cmd/vmpack/main.go:322.75,324.3 1 0
github.com/vmpx/vmp-x/cmd/vmpack/main.go:325.2,333.73 7 0
github.com/vmpx/vmp-x/cmd/vmpack/main.go:333.73,335.3 1 0
github.com/vmpx/vmp-x/cmd/vmpack/main.go:336.2,336.12 1 0
github.com/vmpx/vmp-x/cmd/vmpack/main.go:339.233,348.37 7 0
github.com/vmpx/vmp-x/cmd/vmpack/main.go:348.37,353.3 4 0
github.com/vmpx/vmp-x/cmd/vmpack/main.go:353.8,357.17 3 0
github.com/vmpx/vmp-x/cmd/vmpack/main.go:357.17,359.4 1 0
github.com/vmpx/vmp-x/cmd/vmpack/main.go:360.3,360.17 1 0
github.com/vmpx/vmp-x/cmd/vmpack/main.go:360.17,362.4 1 0
github.com/vmpx/vmp-x/cmd/vmpack/main.go:364.3,364.52 1 0
github.com/vmpx/vmp-x/cmd/vmpack/main.go:364.52,366.18 2 0
github.com/vmpx/vmp-x/cmd/vmpack/main.go:366.18,368.5 1 0
github.com/vmpx/vmp-x/cmd/vmpack/main.go:369.4,369.12 1 0
github.com/vmpx/vmp-x/cmd/vmpack/main.go:371.3,371.14 1 0
github.com/vmpx/vmp-x/cmd/vmpack/main.go:373.2,373.75 1 0
github.com/vmpx/vmp-x/cmd/vmpack/main.go:373.75,375.3 1 0
github.com/vmpx/vmp-x/cmd/vmpack/main.go:376.2,384.12 7 0
github.com/vmpx/vmp-x/cmd/vmpack/main.go:387.39,387.51 1 0
github.com/vmpx/vmp-x/cmd/vmpack/main.go:389.22,390.16 1 0
github.com/vmpx/vmp-x/cmd/vmpack/main.go:390.16,392.3 1 0
github.com/vmpx/vmp-x/cmd/vmpack/main.go:395.38,399.2 3 0
github.com/vmpx/vmp-x/cmd/dec/main.go:12.13,13.22 1 0
github.com/vmpx/vmp-x/cmd/dec/main.go:13.22,16.3 2 0
github.com/vmpx/vmp-x/cmd/dec/main.go:17.2,18.16 2 0
github.com/vmpx/vmp-x/cmd/dec/main.go:18.16,21.3 2 0
github.com/vmpx/vmp-x/cmd/dec/main.go:22.2,23.22 2 0
github.com/vmpx/vmp-x/cmd/dec/main.go:23.22,25.17 2 0
github.com/vmpx/vmp-x/cmd/dec/main.go:25.17,28.9 3 0
github.com/vmpx/vmp-x/cmd/dec/main.go:30.3,32.19 3 0
github.com/vmpx/vmp-x/cmd/dec/main.go:34.2,34.22 1 0
github.com/vmpx/vmp-x/cmd/dec/main.go:34.22,36.3 1 0
github.com/vmpx/vmp-x/cmd/trim/main.go:11.13,12.22 1 0
github.com/vmpx/vmp-x/cmd/trim/main.go:12.22,15.3 2 0
github.com/vmpx/vmp-x/cmd/trim/main.go:16.2,18.16 3 0
github.com/vmpx/vmp-x/cmd/trim/main.go:18.16,21.3 2 0
github.com/vmpx/vmp-x/cmd/trim/main.go:22.2,24.15 3 0
github.com/vmpx/vmp-x/cmd/trim/main.go:24.15,27.3 2 0
github.com/vmpx/vmp-x/cmd/trim/main.go:28.2,29.13 2 0
github.com/vmpx/vmp-x/cmd/trim/main.go:29.13,32.3 2 0
github.com/vmpx/vmp-x/cmd/trim/main.go:33.2,35.63 3 0
github.com/vmpx/vmp-x/cmd/trim/main.go:35.63,38.3 2 0
github.com/vmpx/vmp-x/cmd/trim/main.go:39.2,39.48 1 0
github.com/vmpx/vmp-x/cmd/extractpayload/main.go:16.13,36.45 17 0
github.com/vmpx/vmp-x/cmd/extractpayload/main.go:36.45,47.3 4 0
github.com/vmpx/vmp-x/cmd/extractpayload/main.go:50.22,51.16 1 0
github.com/vmpx/vmp-x/cmd/extractpayload/main.go:51.16,54.3 2 0
github.com/vmpx/vmp-x/cmd/pesyms/main.go:11.13,12.22 1 0
github.com/vmpx/vmp-x/cmd/pesyms/main.go:12.22,15.3 2 0
github.com/vmpx/vmp-x/cmd/pesyms/main.go:16.2,17.16 2 0
github.com/vmpx/vmp-x/cmd/pesyms/main.go:17.16,20.3 2 0
github.com/vmpx/vmp-x/cmd/pesyms/main.go:21.2,23.23 3 0
github.com/vmpx/vmp-x/cmd/pesyms/main.go:23.23,26.3 2 0
github.com/vmpx/vmp-x/cmd/pesyms/main.go:27.2,27.30 1 0
github.com/vmpx/vmp-x/cmd/pesyms/main.go:27.30,28.52 1 0
github.com/vmpx/vmp-x/cmd/pesyms/main.go:28.52,32.4 2 0
github.com/vmpx/vmp-x/cmd/patch/main.go:23.13,24.22 1 0
github.com/vmpx/vmp-x/cmd/patch/main.go:24.22,27.3 2 0
github.com/vmpx/vmp-x/cmd/patch/main.go:28.2,30.16 3 0
github.com/vmpx/vmp-x/cmd/patch/main.go:30.16,33.3 2 0
github.com/vmpx/vmp-x/cmd/patch/main.go:34.2,35.20 2 0
github.com/vmpx/vmp-x/cmd/patch/main.go:35.20,38.3 2 0
github.com/vmpx/vmp-x/cmd/patch/main.go:39.2,44.16 5 0
github.com/vmpx/vmp-x/cmd/patch/main.go:44.16,47.3 2 0
github.com/vmpx/vmp-x/cmd/patch/main.go:48.2,50.15 3 0
github.com/vmpx/vmp-x/cmd/patch/main.go:50.15,53.3 2 0
github.com/vmpx/vmp-x/cmd/patch/main.go:54.2,55.13 2 0
github.com/vmpx/vmp-x/cmd/patch/main.go:55.13,58.3 2 0
github.com/vmpx/vmp-x/cmd/patch/main.go:59.2,61.65 3 0
github.com/vmpx/vmp-x/cmd/patch/main.go:61.65,64.3 2 0
github.com/vmpx/vmp-x/cmd/patch/main.go:65.2,65.88 1 0
github.com/vmpx/vmp-x/cmd/coverage/main.go:14.13,15.22 1 0
github.com/vmpx/vmp-x/cmd/coverage/main.go:15.22,18.3 2 0
github.com/vmpx/vmp-x/cmd/coverage/main.go:19.2,20.32 2 0
github.com/vmpx/vmp-x/cmd/coverage/main.go:20.32,21.37 1 0
github.com/vmpx/vmp-x/cmd/coverage/main.go:21.37,23.12 2 0
github.com/vmpx/vmp-x/cmd/coverage/main.go:25.3,25.27 1 0
github.com/vmpx/vmp-x/cmd/coverage/main.go:27.2,27.26 1 0
github.com/vmpx/vmp-x/cmd/coverage/main.go:27.26,29.17 2 0
github.com/vmpx/vmp-x/cmd/coverage/main.go:29.17,31.12 2 0
github.com/vmpx/vmp-x/cmd/coverage/main.go:33.3,34.19 2 0
github.com/vmpx/vmp-x/cmd/coverage/main.go:34.19,36.4 1 0
github.com/vmpx/vmp-x/cmd/coverage/main.go:37.3,37.19 1 0
github.com/vmpx/vmp-x/cmd/coverage/main.go:37.19,39.12 2 0
github.com/vmpx/vmp-x/cmd/coverage/main.go:41.3,41.33 1 0
github.com/vmpx/vmp-x/cmd/coverage/main.go:41.33,42.14 1 0
github.com/vmpx/vmp-x/cmd/coverage/main.go:42.14,44.5 1 0
github.com/vmpx/vmp-x/cmd/coverage/main.go:45.4,45.40 1 0
github.com/vmpx/vmp-x/cmd/coverage/main.go:47.3,52.53 4 0
github.com/vmpx/vmp-x/cmd/coverage/main.go:52.53,54.4 1 0
github.com/vmpx/vmp-x/cmd/coverage/main.go:55.3,55.27 1 0
github.com/vmpx/vmp-x/cmd/coverage/main.go:55.27,57.52 2 0
github.com/vmpx/vmp-x/cmd/coverage/main.go:57.52,59.5 1 0
github.com/vmpx/vmp-x/cmd/coverage/main.go:61.3,62.50 2 0
github.com/vmpx/vmp-x/cmd/coverage/main.go:62.50,65.33 2 0
github.com/vmpx/vmp-x/cmd/coverage/main.go:65.33,66.81 1 0
github.com/vmpx/vmp-x/cmd/coverage/main.go:66.81,67.26 1 0
github.com/vmpx/vmp-x/cmd/coverage/main.go:67.26,69.7 1 0
github.com/vmpx/vmp-x/cmd/coverage/main.go:70.6,70.11 1 0
github.com/vmpx/vmp-x/cmd/coverage/main.go:74.3,74.24 1 0
github.com/vmpx/vmp-x/cmd/coverage/main.go:74.24,76.31 2 0
github.com/vmpx/vmp-x/cmd/coverage/main.go:76.31,78.5 1 0
github.com/vmpx/vmp-x/cmd/coverage/main.go:80.3,80.16 1 0
github.com/vmpx/vmp-x/cmd/elfobjdump/main.go:11.13,12.22 1 0
github.com/vmpx/vmp-x/cmd/elfobjdump/main.go:12.22,15.3 2 0
github.com/vmpx/vmp-x/cmd/elfobjdump/main.go:16.2,17.16 2 0
github.com/vmpx/vmp-x/cmd/elfobjdump/main.go:17.16,20.3 2 0
github.com/vmpx/vmp-x/cmd/elfobjdump/main.go:21.2,23.31 3 0
github.com/vmpx/vmp-x/cmd/elfobjdump/main.go:23.31,25.3 1 0
github.com/vmpx/vmp-x/cmd/elfobjdump/main.go:26.2,28.25 3 0
github.com/vmpx/vmp-x/cmd/elfobjdump/main.go:28.25,30.3 1 0
github.com/vmpx/vmp-x/cmd/elfobjdump/main.go:31.2,31.31 1 0
github.com/vmpx/vmp-x/cmd/elfobjdump/main.go:31.31,32.54 1 0
github.com/vmpx/vmp-x/cmd/elfobjdump/main.go:32.54,33.12 1 0
github.com/vmpx/vmp-x/cmd/elfobjdump/main.go:35.3,37.28 3 0
github.com/vmpx/vmp-x/cmd/elfobjdump/main.go:37.28,39.4 1 0
github.com/vmpx/vmp-x/cmd/elfobjdump/main.go:40.3,40.52 1 0
github.com/vmpx/vmp-x/cmd/elfobjdump/main.go:40.52,44.18 4 0
github.com/vmpx/vmp-x/cmd/elfobjdump/main.go:44.18,46.5 1 0
github.com/vmpx/vmp-x/cmd/elfobjdump/main.go:47.4,47.118 1 0
github.com/vmpx/vmp-x/cmd/splice/main.go:12.13,13.22 1 0
github.com/vmpx/vmp-x/cmd/splice/main.go:13.22,16.3 2 0
github.com/vmpx/vmp-x/cmd/splice/main.go:17.2,19.16 3 0
github.com/vmpx/vmp-x/cmd/splice/main.go:19.16,22.3 2 0
github.com/vmpx/vmp-x/cmd/splice/main.go:23.2,24.16 2 0
github.com/vmpx/vmp-x/cmd/splice/main.go:24.16,27.3 2 0
github.com/vmpx/vmp-x/cmd/splice/main.go:28.2,30.15 3 0
github.com/vmpx/vmp-x/cmd/splice/main.go:30.15,33.3 2 0
github.com/vmpx/vmp-x/cmd/splice/main.go:34.2,35.13 2 0
github.com/vmpx/vmp-x/cmd/splice/main.go:35.13,38.3 2 0
github.com/vmpx/vmp-x/cmd/splice/main.go:39.2,41.63 3 0
github.com/vmpx/vmp-x/cmd/splice/main.go:41.63,44.3 2 0
github.com/vmpx/vmp-x/cmd/splice/main.go:45.2,45.48 1 0
github.com/vmpx/vmp-x/cmd/writefile/main.go:11.13,12.22 1 0
github.com/vmpx/vmp-x/cmd/writefile/main.go:12.22,15.3 2 0
github.com/vmpx/vmp-x/cmd/writefile/main.go:16.2,17.16 2 0
github.com/vmpx/vmp-x/cmd/writefile/main.go:17.16,20.3 2 0
github.com/vmpx/vmp-x/cmd/writefile/main.go:21.2,21.59 1 0
github.com/vmpx/vmp-x/cmd/writefile/main.go:21.59,24.3 2 0
github.com/vmpx/vmp-x/cmd/writefile/main.go:25.2,25.62 1 0
github.com/vmpx/vmp-x/internal/coverage/coverage.go:65.44,66.17 1 0
github.com/vmpx/vmp-x/internal/coverage/coverage.go:66.17,68.3 1 0
github.com/vmpx/vmp-x/internal/coverage/coverage.go:69.2,69.24 1 0
github.com/vmpx/vmp-x/internal/coverage/coverage.go:72.30,74.16 2 0
github.com/vmpx/vmp-x/internal/coverage/coverage.go:74.16,76.3 1 0
github.com/vmpx/vmp-x/internal/coverage/coverage.go:77.2,78.13 2 0
github.com/vmpx/vmp-x/internal/coverage/coverage.go:82.76,85.24 3 0
github.com/vmpx/vmp-x/internal/coverage/coverage.go:85.24,88.22 2 0
github.com/vmpx/vmp-x/internal/coverage/coverage.go:88.22,91.4 2 0
github.com/vmpx/vmp-x/internal/coverage/coverage.go:92.3,95.21 4 0
github.com/vmpx/vmp-x/internal/coverage/coverage.go:96.8,99.23 2 0
github.com/vmpx/vmp-x/internal/coverage/coverage.go:99.23,101.36 2 0
github.com/vmpx/vmp-x/internal/coverage/coverage.go:101.36,103.10 2 0
github.com/vmpx/vmp-x/internal/coverage/coverage.go:105.4,106.20 2 0
github.com/vmpx/vmp-x/internal/coverage/coverage.go:109.3,110.19 2 0
github.com/vmpx/vmp-x/internal/coverage/coverage.go:110.19,112.4 1 0
github.com/vmpx/vmp-x/internal/coverage/coverage.go:115.3,119.38 3 0
github.com/vmpx/vmp-x/internal/coverage/coverage.go:121.2,122.15 2 0
github.com/vmpx/vmp-x/internal/coverage/coverage.go:122.15,124.36 2 0
github.com/vmpx/vmp-x/internal/coverage/coverage.go:124.36,127.45 3 0
github.com/vmpx/vmp-x/internal/coverage/coverage.go:127.45,129.5 1 0
github.com/vmpx/vmp-x/internal/coverage/coverage.go:131.4,131.43 1 0
github.com/vmpx/vmp-x/internal/coverage/coverage.go:131.43,133.47 2 0
github.com/vmpx/vmp-x/internal/coverage/coverage.go:133.47,135.22 2 0
github.com/vmpx/vmp-x/internal/coverage/coverage.go:135.22,137.7 1 0
github.com/vmpx/vmp-x/internal/coverage/coverage.go:141.4,141.48 1 0
github.com/vmpx/vmp-x/internal/coverage/coverage.go:141.48,142.50 1 0
github.com/vmpx/vmp-x/internal/coverage/coverage.go:142.50,143.54 1 0
github.com/vmpx/vmp-x/internal/coverage/coverage.go:143.54,145.7 1 0
github.com/vmpx/vmp-x/internal/coverage/coverage.go:148.4,148.35 1 0
github.com/vmpx/vmp-x/internal/coverage/coverage.go:148.35,150.5 1 0
github.com/vmpx/vmp-x/internal/coverage/coverage.go:151.4,152.23 2 0
github.com/vmpx/vmp-x/internal/coverage/coverage.go:155.2,156.11 2 0
github.com/vmpx/vmp-x/internal/coverage/coverage.go:159.39,163.9 4 0
github.com/vmpx/vmp-x/internal/coverage/coverage.go:164.22,165.11 1 0
github.com/vmpx/vmp-x/internal/coverage/coverage.go:166.19,167.11 1 0
github.com/vmpx/vmp-x/internal/coverage/coverage.go:168.10,169.14 1 0
github.com/vmpx/vmp-x/internal/coverage/coverage.go:171.2,171.54 1 0
github.com/vmpx/vmp-x/internal/coverage/coverage.go:171.54,173.3 1 0
github.com/vmpx/vmp-x/internal/coverage/coverage.go:176.49,179.2 1 0
github.com/vmpx/vmp-x/internal/coverage/coverage.go:183.47,185.16 2 0
github.com/vmpx/vmp-x/internal/coverage/coverage.go:185.16,187.3 1 0
github.com/vmpx/vmp-x/internal/coverage/coverage.go:188.2,190.19 3 0
github.com/vmpx/vmp-x/internal/coverage/coverage.go:191.21,192.21 1 0
github.com/vmpx/vmp-x/internal/coverage/coverage.go:193.22,194.20 1 0
github.com/vmpx/vmp-x/internal/coverage/coverage.go:195.10,197.16 2 0
github.com/vmpx/vmp-x/internal/coverage/coverage.go:199.2,200.16 2 0
github.com/vmpx/vmp-x/internal/coverage/coverage.go:200.16,202.3 1 0
github.com/vmpx/vmp-x/internal/coverage/coverage.go:203.2,203.25 1 0
github.com/vmpx/vmp-x/internal/coverage/coverage.go:203.25,204.57 1 0
github.com/vmpx/vmp-x/internal/coverage/coverage.go:204.57,205.12 1 0
github.com/vmpx/vmp-x/internal/coverage/coverage.go:207.3,207.49 1 0
github.com/vmpx/vmp-x/internal/coverage/coverage.go:207.49,208.12 1 0
github.com/vmpx/vmp-x/internal/coverage/coverage.go:210.3,210.40 1 0
github.com/vmpx/vmp-x/internal/coverage/coverage.go:210.40,211.12 1 0
github.com/vmpx/vmp-x/internal/coverage/coverage.go:213.3,214.39 2 0
github.com/vmpx/vmp-x/internal/coverage/coverage.go:214.39,215.12 1 0
github.com/vmpx/vmp-x/internal/coverage/coverage.go:217.3,218.40 2 0
github.com/vmpx/vmp-x/internal/coverage/coverage.go:218.40,219.12 1 0
github.com/vmpx/vmp-x/internal/coverage/coverage.go:221.3,222.45 2 0
github.com/vmpx/vmp-x/internal/coverage/coverage.go:222.45,223.12 1 0
github.com/vmpx/vmp-x/internal/coverage/coverage.go:225.3,225.42 1 0
github.com/vmpx/vmp-x/internal/coverage/coverage.go:225.42,226.34 1 0
github.com/vmpx/vmp-x/internal/coverage/coverage.go:226.34,227.52 1 0
github.com/vmpx/vmp-x/internal/coverage/coverage.go:227.52,228.14 1 0
github.com/vmpx/vmp-x/internal/coverage/coverage.go:230.5,231.57 2 0
github.com/vmpx/vmp-x/internal/coverage/coverage.go:231.57,233.19 2 0
github.com/vmpx/vmp-x/internal/coverage/coverage.go:233.19,235.7 1 0
github.com/vmpx/vmp-x/internal/coverage/coverage.go:236.6,237.34 2 0
github.com/vmpx/vmp-x/internal/coverage/coverage.go:240.4,240.14 1 0
github.com/vmpx/vmp-x/internal/coverage/coverage.go:242.3,243.16 2 0
github.com/vmpx/vmp-x/internal/coverage/coverage.go:245.2,245.15 1 0
github.com/vmpx/vmp-x/internal/coverage/coverage.go:250.46,252.16 2 0
github.com/vmpx/vmp-x/internal/coverage/coverage.go:252.16,254.3 1 0
github.com/vmpx/vmp-x/internal/coverage/coverage.go:255.2,257.20 3 0
github.com/vmpx/vmp-x/internal/coverage/coverage.go:258.35,259.18 1 0
github.com/vmpx/vmp-x/internal/coverage/coverage.go:260.35,261.17 1 0
github.com/vmpx/vmp-x/internal/coverage/coverage.go:263.2,264.47 2 0
github.com/vmpx/vmp-x/internal/coverage/coverage.go:264.47,267.3 2 0
github.com/vmpx/vmp-x/internal/coverage/coverage.go:269.2,270.32 2 0
github.com/vmpx/vmp-x/internal/coverage/coverage.go:270.32,271.25 1 0
github.com/vmpx/vmp-x/internal/coverage/coverage.go:271.25,273.9 2 0
github.com/vmpx/vmp-x/internal/coverage/coverage.go:276.2,276.18 1 0
github.com/vmpx/vmp-x/internal/coverage/coverage.go:276.18,279.3 2 0
github.com/vmpx/vmp-x/internal/coverage/coverage.go:280.2,281.17 2 0
github.com/vmpx/vmp-x/internal/coverage/coverage.go:281.17,283.3 1 0
github.com/vmpx/vmp-x/internal/coverage/coverage.go:284.2,284.47 1 0
github.com/vmpx/vmp-x/internal/coverage/coverage.go:284.47,287.33 3 0
github.com/vmpx/vmp-x/internal/coverage/coverage.go:287.33,288.12 1 0
github.com/vmpx/vmp-x/internal/coverage/coverage.go:290.3,291.10 2 0
github.com/vmpx/vmp-x/internal/coverage/coverage.go:291.10,292.12 1 0
github.com/vmpx/vmp-x/internal/coverage/coverage.go:294.3,294.43 1 0
github.com/vmpx/vmp-x/internal/coverage/coverage.go:294.43,296.11 2 0
github.com/vmpx/vmp-x/internal/coverage/coverage.go:296.11,298.5 1 0
github.com/vmpx/vmp-x/internal/coverage/coverage.go:299.4,299.12 1 0
github.com/vmpx/vmp-x/internal/coverage/coverage.go:301.3,302.16 2 0
github.com/vmpx/vmp-x/internal/coverage/coverage.go:304.2,304.15 1 0
github.com/vmpx/vmp-x/internal/coverage/coverage.go:307.28,309.2 1 0
github.com/vmpx/vmp-x/internal/coverage/coverage.go:312.68,313.32 1 0
github.com/vmpx/vmp-x/internal/coverage/coverage.go:313.32,314.74 1 0
github.com/vmpx/vmp-x/internal/coverage/coverage.go:314.74,315.12 1 0
github.com/vmpx/vmp-x/internal/coverage/coverage.go:317.3,318.17 2 0
github.com/vmpx/vmp-x/internal/coverage/coverage.go:318.17,320.4 1 0
github.com/vmpx/vmp-x/internal/coverage/coverage.go:321.3,322.34 2 0
github.com/vmpx/vmp-x/internal/coverage/coverage.go:322.34,324.4 1 0
github.com/vmpx/vmp-x/internal/coverage/coverage.go:325.3,325.44 1 0
github.com/vmpx/vmp-x/internal/coverage/coverage.go:327.2,327.22 1 0
github.com/vmpx/vmp-x/internal/coverage/coverage.go:331.36,332.33 1 0
github.com/vmpx/vmp-x/internal/coverage/coverage.go:332.33,333.56 1 0
github.com/vmpx/vmp-x/internal/coverage/coverage.go:333.56,335.4 1 0
github.com/vmpx/vmp-x/internal/coverage/coverage.go:337.2,337.14 1 0
github.com/vmpx/vmp-x/internal/coverage/coverage.go:341.44,347.22 3 0
github.com/vmpx/vmp-x/internal/coverage/coverage.go:347.22,349.3 1 0
github.com/vmpx/vmp-x/internal/coverage/coverage.go:350.2,350.37 1 0
github.com/vmpx/vmp-x/internal/coverage/coverage.go:350.37,351.25 1 0
github.com/vmpx/vmp-x/internal/coverage/coverage.go:351.25,353.4 1 0
github.com/vmpx/vmp-x/internal/coverage/coverage.go:354.3,354.27 1 0
github.com/vmpx/vmp-x/internal/coverage/coverage.go:356.2,357.40 2 0
github.com/vmpx/vmp-x/internal/coverage/coverage.go:357.40,359.3 1 0
github.com/vmpx/vmp-x/internal/coverage/coverage.go:360.2,360.12 1 0
github.com/vmpx/vmp-x/internal/ir/ir.go:40.30,41.11 1 0
github.com/vmpx/vmp-x/internal/ir/ir.go:42.13,43.16 1 0
github.com/vmpx/vmp-x/internal/ir/ir.go:44.14,45.18 1 0
github.com/vmpx/vmp-x/internal/ir/ir.go:46.13,47.17 1 0
github.com/vmpx/vmp-x/internal/ir/ir.go:49.2,51.25 2 0
github.com/vmpx/vmp-x/internal/ir/ir.go:51.25,53.3 1 0
github.com/vmpx/vmp-x/internal/ir/ir.go:54.2,54.13 1 0
github.com/vmpx/vmp-x/internal/ir/ir.go:234.29,235.11 1 0
github.com/vmpx/vmp-x/internal/ir/ir.go:236.11,237.15 1 0
github.com/vmpx/vmp-x/internal/ir/ir.go:238.13,239.18 1 0
github.com/vmpx/vmp-x/internal/ir/ir.go:240.13,241.18 1 0
github.com/vmpx/vmp-x/internal/ir/ir.go:242.11,243.15 1 0
github.com/vmpx/vmp-x/internal/ir/ir.go:244.13,245.18 1 0
github.com/vmpx/vmp-x/internal/ir/ir.go:246.13,247.18 1 0
github.com/vmpx/vmp-x/internal/ir/ir.go:248.12,249.17 1 0
github.com/vmpx/vmp-x/internal/ir/ir.go:250.13,251.18 1 0
github.com/vmpx/vmp-x/internal/ir/ir.go:252.13,253.18 1 0
github.com/vmpx/vmp-x/internal/ir/ir.go:254.11,255.15 1 0
github.com/vmpx/vmp-x/internal/ir/ir.go:256.12,257.16 1 0
github.com/vmpx/vmp-x/internal/ir/ir.go:258.13,259.17 1 0
github.com/vmpx/vmp-x/internal/ir/ir.go:260.13,261.18 1 0
github.com/vmpx/vmp-x/internal/ir/ir.go:262.13,263.18 1 0
github.com/vmpx/vmp-x/internal/ir/ir.go:264.12,265.17 1 0
github.com/vmpx/vmp-x/internal/ir/ir.go:266.11,267.15 1 0
github.com/vmpx/vmp-x/internal/ir/ir.go:268.11,269.15 1 0
github.com/vmpx/vmp-x/internal/ir/ir.go:270.13,271.16 1 0
github.com/vmpx/vmp-x/internal/ir/ir.go:272.13,273.15 1 0
github.com/vmpx/vmp-x/internal/ir/ir.go:274.14,275.16 1 0
github.com/vmpx/vmp-x/internal/ir/ir.go:276.11,277.15 1 0
github.com/vmpx/vmp-x/internal/ir/ir.go:278.12,279.16 1 0
github.com/vmpx/vmp-x/internal/ir/ir.go:281.2,281.12 1 0
github.com/vmpx/vmp-x/cmd/vmpbuild/blob.go:18.36,19.14 1 0
github.com/vmpx/vmp-x/cmd/vmpbuild/blob.go:20.53,21.14 1 0
github.com/vmpx/vmp-x/cmd/vmpbuild/blob.go:23.2,23.81 1 0
github.com/vmpx/vmp-x/cmd/vmpbuild/blob.go:23.81,24.33 1 0
github.com/vmpx/vmp-x/cmd/vmpbuild/blob.go:24.33,26.4 1 0
github.com/vmpx/vmp-x/cmd/vmpbuild/blob.go:28.2,28.14 1 0
github.com/vmpx/vmp-x/cmd/vmpbuild/blob.go:33.40,33.79 1 0
github.com/vmpx/vmp-x/cmd/vmpbuild/blob.go:35.74,43.28 3 0
github.com/vmpx/vmp-x/cmd/vmpbuild/blob.go:43.28,44.34 1 0
github.com/vmpx/vmp-x/cmd/vmpbuild/blob.go:44.34,45.108 1 0
github.com/vmpx/vmp-x/cmd/vmpbuild/blob.go:45.108,46.13 1 0
github.com/vmpx/vmp-x/cmd/vmpbuild/blob.go:50.4,51.22 2 0
github.com/vmpx/vmp-x/cmd/vmpbuild/blob.go:51.22,53.5 1 0
github.com/vmpx/vmp-x/cmd/vmpbuild/blob.go:54.4,54.28 1 0
github.com/vmpx/vmp-x/cmd/vmpbuild/blob.go:54.28,56.5 1 0
github.com/vmpx/vmp-x/cmd/vmpbuild/blob.go:57.4,60.22 4 0
github.com/vmpx/vmp-x/cmd/vmpbuild/blob.go:60.22,61.31 1 0
github.com/vmpx/vmp-x/cmd/vmpbuild/blob.go:61.31,63.6 1 0
github.com/vmpx/vmp-x/cmd/vmpbuild/blob.go:67.2,67.20 1 0
github.com/vmpx/vmp-x/cmd/vmpbuild/blob.go:67.20,69.3 1 0
github.com/vmpx/vmp-x/cmd/vmpbuild/blob.go:70.2,70.31 1 0
github.com/vmpx/vmp-x/cmd/vmpbuild/blob.go:74.99,76.31 2 1
github.com/vmpx/vmp-x/cmd/vmpbuild/blob.go:76.31,78.10 2 1
github.com/vmpx/vmp-x/cmd/vmpbuild/blob.go:78.10,79.12 1 0
github.com/vmpx/vmp-x/cmd/vmpbuild/blob.go:81.3,82.52 2 1
github.com/vmpx/vmp-x/cmd/vmpbuild/blob.go:82.52,84.4 1 0
github.com/vmpx/vmp-x/cmd/vmpbuild/blob.go:85.3,86.22 2 1
github.com/vmpx/vmp-x/cmd/vmpbuild/blob.go:86.22,89.4 1 0
github.com/vmpx/vmp-x/cmd/vmpbuild/blob.go:90.3,91.14 2 1
github.com/vmpx/vmp-x/cmd/vmpbuild/blob.go:91.14,94.4 1 0
github.com/vmpx/vmp-x/cmd/vmpbuild/blob.go:95.3,96.26 2 1
github.com/vmpx/vmp-x/cmd/vmpbuild/blob.go:96.26,98.4 1 0
github.com/vmpx/vmp-x/cmd/vmpbuild/blob.go:99.3,100.33 2 1
github.com/vmpx/vmp-x/cmd/vmpbuild/blob.go:100.33,101.51 1 1
github.com/vmpx/vmp-x/cmd/vmpbuild/blob.go:101.51,103.10 2 1
github.com/vmpx/vmp-x/cmd/vmpbuild/blob.go:106.3,108.17 2 1
github.com/vmpx/vmp-x/cmd/vmpbuild/blob.go:109.19,115.27 2 0
github.com/vmpx/vmp-x/cmd/vmpbuild/blob.go:115.27,117.5 1 0
github.com/vmpx/vmp-x/cmd/vmpbuild/blob.go:118.4,118.76 1 0
github.com/vmpx/vmp-x/cmd/vmpbuild/blob.go:119.27,122.20 2 1
github.com/vmpx/vmp-x/cmd/vmpbuild/blob.go:122.20,124.5 1 0
github.com/vmpx/vmp-x/cmd/vmpbuild/blob.go:125.4,126.40 2 1
github.com/vmpx/vmp-x/cmd/vmpbuild/blob.go:126.40,128.5 1 0
github.com/vmpx/vmp-x/cmd/vmpbuild/blob.go:129.4,131.53 3 1
github.com/vmpx/vmp-x/cmd/vmpbuild/blob.go:132.32,134.18 2 0
github.com/vmpx/vmp-x/cmd/vmpbuild/blob.go:134.18,136.5 1 0
github.com/vmpx/vmp-x/cmd/vmpbuild/blob.go:137.4,137.53 1 0
github.com/vmpx/vmp-x/cmd/vmpbuild/blob.go:138.29,139.118 1 0
github.com/vmpx/vmp-x/cmd/vmpbuild/blob.go:140.37,142.31 1 0
github.com/vmpx/vmp-x/cmd/vmpbuild/blob.go:143.11,144.96 1 0
github.com/vmpx/vmp-x/cmd/vmpbuild/blob.go:146.3,146.14 1 1
github.com/vmpx/vmp-x/cmd/vmpbuild/blob.go:146.14,150.4 2 0
github.com/vmpx/vmp-x/cmd/vmpbuild/blob.go:152.2,152.19 1 1
github.com/vmpx/vmp-x/cmd/vmpbuild/blob.go:170.59,174.26 3 0
github.com/vmpx/vmp-x/cmd/vmpbuild/blob.go:174.26,175.29 1 0
github.com/vmpx/vmp-x/cmd/vmpbuild/blob.go:175.29,176.33 1 0
github.com/vmpx/vmp-x/cmd/vmpbuild/blob.go:176.33,177.109 1 0
github.com/vmpx/vmp-x/cmd/vmpbuild/blob.go:177.109,178.14 1 0
github.com/vmpx/vmp-x/cmd/vmpbuild/blob.go:180.5,181.23 2 0
github.com/vmpx/vmp-x/cmd/vmpbuild/blob.go:181.23,183.6 1 0
github.com/vmpx/vmp-x/cmd/vmpbuild/blob.go:184.5,184.31 1 0
github.com/vmpx/vmp-x/cmd/vmpbuild/blob.go:184.31,186.6 1 0
github.com/vmpx/vmp-x/cmd/vmpbuild/blob.go:187.5,190.23 4 0
github.com/vmpx/vmp-x/cmd/vmpbuild/blob.go:190.23,191.34 1 0
github.com/vmpx/vmp-x/cmd/vmpbuild/blob.go:191.34,193.7 1 0
github.com/vmpx/vmp-x/cmd/vmpbuild/blob.go:198.2,198.24 1 0
github.com/vmpx/vmp-x/cmd/vmpbuild/blob.go:198.24,200.3 1 0
github.com/vmpx/vmp-x/cmd/vmpbuild/blob.go:201.2,201.26 1 0
github.com/vmpx/vmp-x/cmd/vmpbuild/blob.go:201.26,202.31 1 0
github.com/vmpx/vmp-x/cmd/vmpbuild/blob.go:202.31,203.17 1 0
github.com/vmpx/vmp-x/cmd/vmpbuild/blob.go:203.17,204.13 1 0
github.com/vmpx/vmp-x/cmd/vmpbuild/blob.go:206.4,207.11 2 0
github.com/vmpx/vmp-x/cmd/vmpbuild/blob.go:207.11,208.13 1 0
github.com/vmpx/vmp-x/cmd/vmpbuild/blob.go:211.4,211.112 1 0
github.com/vmpx/vmp-x/cmd/vmpbuild/blob.go:211.112,212.13 1 0
github.com/vmpx/vmp-x/cmd/vmpbuild/blob.go:214.4,215.57 2 0
github.com/vmpx/vmp-x/cmd/vmpbuild/blob.go:215.57,219.23 1 0
github.com/vmpx/vmp-x/cmd/vmpbuild/blob.go:219.23,221.6 1 0
github.com/vmpx/vmp-x/cmd/vmpbuild/blob.go:222.5,222.13 1 0
github.com/vmpx/vmp-x/cmd/vmpbuild/blob.go:224.4,224.26 1 0
github.com/vmpx/vmp-x/cmd/vmpbuild/blob.go:227.2,227.15 1 0
github.com/vmpx/vmp-x/cmd/vmpbuild/blob.go:231.81,233.26 2 0
github.com/vmpx/vmp-x/cmd/vmpbuild/blob.go:233.26,234.30 1 0
github.com/vmpx/vmp-x/cmd/vmpbuild/blob.go:234.30,236.11 2 0
github.com/vmpx/vmp-x/cmd/vmpbuild/blob.go:236.11,237.13 1 0
github.com/vmpx/vmp-x/cmd/vmpbuild/blob.go:239.4,241.29 3 0
github.com/vmpx/vmp-x/cmd/vmpbuild/blob.go:241.29,243.5 1 0
github.com/vmpx/vmp-x/cmd/vmpbuild/blob.go:245.4,246.24 2 0
github.com/vmpx/vmp-x/cmd/vmpbuild/blob.go:246.24,248.12 2 0
github.com/vmpx/vmp-x/cmd/vmpbuild/blob.go:248.12,250.6 1 0
github.com/vmpx/vmp-x/cmd/vmpbuild/blob.go:251.5,252.33 2 0
github.com/vmpx/vmp-x/cmd/vmpbuild/blob.go:252.33,253.53 1 0
github.com/vmpx/vmp-x/cmd/vmpbuild/blob.go:253.53,255.12 2 0
github.com/vmpx/vmp-x/cmd/vmpbuild/blob.go:258.5,258.43 1 0
github.com/vmpx/vmp-x/cmd/vmpbuild/blob.go:259.10,261.12 2 0
github.com/vmpx/vmp-x/cmd/vmpbuild/blob.go:261.12,263.6 1 0
github.com/vmpx/vmp-x/cmd/vmpbuild/blob.go:264.5,264.33 1 0
github.com/vmpx/vmp-x/cmd/vmpbuild/blob.go:266.4,266.18 1 0
github.com/vmpx/vmp-x/cmd/vmpbuild/blob.go:267.20,269.26 2 0
github.com/vmpx/vmp-x/cmd/vmpbuild/blob.go:269.26,271.6 1 0
github.com/vmpx/vmp-x/cmd/vmpbuild/blob.go:272.5,272.79 1 0
github.com/vmpx/vmp-x/cmd/vmpbuild/blob.go:273.28,275.21 2 0
github.com/vmpx/vmp-x/cmd/vmpbuild/blob.go:275.21,277.6 1 0
github.com/vmpx/vmp-x/cmd/vmpbuild/blob.go:278.5,279.41 2 0
github.com/vmpx/vmp-x/cmd/vmpbuild/blob.go:279.41,283.6 1 0
github.com/vmpx/vmp-x/cmd/vmpbuild/blob.go:284.5,286.56 3 0
github.com/vmpx/vmp-x/cmd/vmpbuild/blob.go:287.33,289.19 2 0
github.com/vmpx/vmp-x/cmd/vmpbuild/blob.go:289.19,291.6 1 0
github.com/vmpx/vmp-x/cmd/vmpbuild/blob.go:292.5,292.56 1 0
github.com/vmpx/vmp-x/cmd/vmpbuild/blob.go:293.30,294.123 1 0
github.com/vmpx/vmp-x/cmd/vmpbuild/blob.go:295.28,297.19 2 0
github.com/vmpx/vmp-x/cmd/vmpbuild/blob.go:297.19,299.6 1 0
github.com/vmpx/vmp-x/cmd/vmpbuild/blob.go:300.5,300.56 1 0
github.com/vmpx/vmp-x/cmd/vmpbuild/blob.go:301.12,302.145 1 0
github.com/vmpx/vmp-x/cmd/vmpbuild/blob.go:304.4,304.15 1 0
github.com/vmpx/vmp-x/cmd/vmpbuild/blob.go:304.15,306.5 1 0
github.com/vmpx/vmp-x/cmd/vmpbuild/blob.go:309.2,309.19 1 0
github.com/vmpx/vmp-x/cmd/vmpbuild/blob.go:315.71,317.37 2 1
github.com/vmpx/vmp-x/cmd/vmpbuild/blob.go:317.37,319.3 1 0
github.com/vmpx/vmp-x/cmd/vmpbuild/blob.go:320.2,324.18 5 1
github.com/vmpx/vmp-x/cmd/vmpbuild/blob.go:328.58,332.2 3 1
github.com/vmpx/vmp-x/cmd/vmpbuild/main.go:70.13,89.12 18 0
github.com/vmpx/vmp-x/cmd/vmpbuild/main.go:89.12,91.3 1 0
github.com/vmpx/vmp-x/cmd/vmpbuild/main.go:92.2,92.19 1 0
github.com/vmpx/vmp-x/cmd/vmpbuild/main.go:92.19,94.3 1 0
github.com/vmpx/vmp-x/cmd/vmpbuild/main.go:99.2,106.14 8 0
github.com/vmpx/vmp-x/cmd/vmpbuild/main.go:106.14,108.3 1 0
github.com/vmpx/vmp-x/cmd/vmpbuild/main.go:113.2,114.16 2 0
github.com/vmpx/vmp-x/cmd/vmpbuild/main.go:114.16,117.3 2 0
github.com/vmpx/vmp-x/cmd/vmpbuild/main.go:118.2,121.16 4 0
github.com/vmpx/vmp-x/cmd/vmpbuild/main.go:122.12,124.26 2 0
github.com/vmpx/vmp-x/cmd/vmpbuild/main.go:124.26,128.4 3 0
github.com/vmpx/vmp-x/cmd/vmpbuild/main.go:129.3,132.13 4 0
github.com/vmpx/vmp-x/cmd/vmpbuild/main.go:133.16,135.20 2 0
github.com/vmpx/vmp-x/cmd/vmpbuild/main.go:135.20,138.4 2 0
github.com/vmpx/vmp-x/cmd/vmpbuild/main.go:139.3,141.14 3 0
github.com/vmpx/vmp-x/cmd/vmpbuild/main.go:142.10,143.62 1 0
github.com/vmpx/vmp-x/cmd/vmpbuild/main.go:146.2,150.25 4 0
github.com/vmpx/vmp-x/cmd/vmpbuild/main.go:150.25,153.19 3 0
github.com/vmpx/vmp-x/cmd/vmpbuild/main.go:153.19,155.4 1 0
github.com/vmpx/vmp-x/cmd/vmpbuild/main.go:157.2,157.20 1 0
github.com/vmpx/vmp-x/cmd/vmpbuild/main.go:157.20,160.3 2 0
github.com/vmpx/vmp-x/cmd/vmpbuild/main.go:161.2,161.28 1 0
github.com/vmpx/vmp-x/cmd/vmpbuild/main.go:161.28,163.3 1 0
github.com/vmpx/vmp-x/cmd/vmpbuild/main.go:164.2,172.19 3 0
github.com/vmpx/vmp-x/cmd/vmpbuild/main.go:172.19,177.35 5 0
github.com/vmpx/vmp-x/cmd/vmpbuild/main.go:177.35,179.4 1 0
github.com/vmpx/vmp-x/cmd/vmpbuild/main.go:180.8,186.36 6 0
github.com/vmpx/vmp-x/cmd/vmpbuild/main.go:186.36,187.18 1 0
github.com/vmpx/vmp-x/cmd/vmpbuild/main.go:187.18,188.41 1 0
github.com/vmpx/vmp-x/cmd/vmpbuild/main.go:188.41,190.6 1 0
github.com/vmpx/vmp-x/cmd/vmpbuild/main.go:195.2,196.9 2 0
github.com/vmpx/vmp-x/cmd/vmpbuild/main.go:196.9,198.23 2 0
github.com/vmpx/vmp-x/cmd/vmpbuild/main.go:198.23,200.4 1 0
github.com/vmpx/vmp-x/cmd/vmpbuild/main.go:201.3,202.97 2 0
github.com/vmpx/vmp-x/cmd/vmpbuild/main.go:205.2,210.29 4 0
github.com/vmpx/vmp-x/cmd/vmpbuild/main.go:210.29,211.37 1 0
github.com/vmpx/vmp-x/cmd/vmpbuild/main.go:211.37,215.4 2 0
github.com/vmpx/vmp-x/cmd/vmpbuild/main.go:218.2,244.29 6 0
github.com/vmpx/vmp-x/cmd/vmpbuild/main.go:244.29,246.3 1 0
github.com/vmpx/vmp-x/cmd/vmpbuild/main.go:247.2,251.40 4 0
github.com/vmpx/vmp-x/cmd/vmpbuild/main.go:257.36,258.22 1 0
github.com/vmpx/vmp-x/cmd/vmpbuild/main.go:258.22,260.3 1 0
github.com/vmpx/vmp-x/cmd/vmpbuild/main.go:261.2,261.11 1 0
github.com/vmpx/vmp-x/cmd/vmpbuild/main.go:268.84,270.51 2 0
github.com/vmpx/vmp-x/cmd/vmpbuild/main.go:270.51,272.3 1 0
github.com/vmpx/vmp-x/cmd/vmpbuild/main.go:273.2,294.28 6 0
github.com/vmpx/vmp-x/cmd/vmpbuild/main.go:294.28,296.3 1 0
github.com/vmpx/vmp-x/cmd/vmpbuild/main.go:297.2,297.12 1 0
github.com/vmpx/vmp-x/cmd/vmpbuild/main.go:297.12,299.30 2 0
github.com/vmpx/vmp-x/cmd/vmpbuild/main.go:299.30,301.4 1 0
github.com/vmpx/vmp-x/cmd/vmpbuild/main.go:302.3,303.41 2 0
github.com/vmpx/vmp-x/cmd/vmpbuild/main.go:303.41,303.80 1 0
github.com/vmpx/vmp-x/cmd/vmpbuild/main.go:304.3,304.19 1 0
github.com/vmpx/vmp-x/cmd/vmpbuild/main.go:307.2,311.28 5 0
github.com/vmpx/vmp-x/cmd/vmpbuild/main.go:311.28,314.3 2 0
github.com/vmpx/vmp-x/cmd/vmpbuild/main.go:315.2,316.74 2 0
github.com/vmpx/vmp-x/cmd/vmpbuild/main.go:316.74,318.3 1 0
github.com/vmpx/vmp-x/cmd/vmpbuild/main.go:319.2,319.28 1 0
github.com/vmpx/vmp-x/cmd/vmpbuild/main.go:327.58,330.51 3 0
github.com/vmpx/vmp-x/cmd/vmpbuild/main.go:330.51,332.3 1 0
github.com/vmpx/vmp-x/cmd/vmpbuild/main.go:333.2,335.21 3 0
github.com/vmpx/vmp-x/cmd/vmpbuild/main.go:335.21,337.3 1 0
github.com/vmpx/vmp-x/cmd/vmpbuild/main.go:338.2,342.24 5 0
github.com/vmpx/vmp-x/cmd/vmpbuild/main.go:342.24,343.12 1 0
github.com/vmpx/vmp-x/cmd/vmpbuild/main.go:343.12,345.4 1 0
github.com/vmpx/vmp-x/cmd/vmpbuild/main.go:346.3,346.32 1 0
github.com/vmpx/vmp-x/cmd/vmpbuild/main.go:348.2,351.68 4 0
github.com/vmpx/vmp-x/cmd/vmpbuild/main.go:351.68,353.3 1 0
github.com/vmpx/vmp-x/cmd/vmpbuild/main.go:354.2,354.39 1 0
github.com/vmpx/vmp-x/cmd/vmpbuild/main.go:358.56,359.25 1 0
github.com/vmpx/vmp-x/cmd/vmpbuild/main.go:359.25,360.16 1 0
github.com/vmpx/vmp-x/cmd/vmpbuild/main.go:360.16,362.4 1 0
github.com/vmpx/vmp-x/cmd/vmpbuild/main.go:364.2,364.27 1 0
github.com/vmpx/vmp-x/cmd/vmpbuild/main.go:367.112,371.50 1 0
github.com/vmpx/vmp-x/cmd/vmpbuild/main.go:371.50,373.3 1 0
github.com/vmpx/vmp-x/cmd/vmpbuild/main.go:375.2,376.16 2 0
github.com/vmpx/vmp-x/cmd/vmpbuild/main.go:376.16,378.3 1 0
github.com/vmpx/vmp-x/cmd/vmpbuild/main.go:379.2,381.75 3 0
github.com/vmpx/vmp-x/cmd/vmpbuild/main.go:381.75,383.3 1 0
github.com/vmpx/vmp-x/cmd/vmpbuild/main.go:386.2,388.73 3 0
github.com/vmpx/vmp-x/cmd/vmpbuild/main.go:388.73,391.3 2 0
github.com/vmpx/vmp-x/cmd/vmpbuild/main.go:394.2,395.34 2 0
github.com/vmpx/vmp-x/cmd/vmpbuild/main.go:395.34,397.3 1 0
github.com/vmpx/vmp-x/cmd/vmpbuild/main.go:399.2,411.15 2 0
github.com/vmpx/vmp-x/cmd/vmpbuild/main.go:411.15,413.3 1 0
github.com/vmpx/vmp-x/cmd/vmpbuild/main.go:419.2,420.94 2 0
github.com/vmpx/vmp-x/cmd/vmpbuild/main.go:420.94,422.3 1 0
github.com/vmpx/vmp-x/cmd/vmpbuild/main.go:425.2,426.16 2 0
github.com/vmpx/vmp-x/cmd/vmpbuild/main.go:426.16,428.3 1 0
github.com/vmpx/vmp-x/cmd/vmpbuild/main.go:433.2,434.22 2 0
github.com/vmpx/vmp-x/cmd/vmpbuild/main.go:434.22,437.3 1 0
github.com/vmpx/vmp-x/cmd/vmpbuild/main.go:439.2,440.34 2 0
github.com/vmpx/vmp-x/cmd/vmpbuild/main.go:440.34,442.45 2 0
github.com/vmpx/vmp-x/cmd/vmpbuild/main.go:442.45,444.4 1 0
github.com/vmpx/vmp-x/cmd/vmpbuild/main.go:445.3,455.23 4 0
github.com/vmpx/vmp-x/cmd/vmpbuild/main.go:455.23,461.4 1 0
github.com/vmpx/vmp-x/cmd/vmpbuild/main.go:462.3,462.24 1 0
github.com/vmpx/vmp-x/cmd/vmpbuild/main.go:462.24,464.4 1 0
github.com/vmpx/vmp-x/cmd/vmpbuild/main.go:465.3,466.14 2 0
github.com/vmpx/vmp-x/cmd/vmpbuild/main.go:466.14,468.4 1 0
github.com/vmpx/vmp-x/cmd/vmpbuild/main.go:469.3,473.24 5 0
github.com/vmpx/vmp-x/cmd/vmpbuild/main.go:473.24,475.4 1 0
github.com/vmpx/vmp-x/cmd/vmpbuild/main.go:476.3,476.17 1 0
github.com/vmpx/vmp-x/cmd/vmpbuild/main.go:476.17,478.4 1 0
github.com/vmpx/vmp-x/cmd/vmpbuild/main.go:480.3,480.51 1 0
github.com/vmpx/vmp-x/cmd/vmpbuild/main.go:482.2,482.20 1 0
github.com/vmpx/vmp-x/cmd/vmpbuild/main.go:482.20,484.3 1 0
github.com/vmpx/vmp-x/cmd/vmpbuild/main.go:486.2,486.18 1 0
github.com/vmpx/vmp-x/cmd/vmpbuild/main.go:490.44,492.26 2 0
github.com/vmpx/vmp-x/cmd/vmpbuild/main.go:492.26,496.3 3 0
github.com/vmpx/vmp-x/cmd/vmpbuild/main.go:497.2,497.12 1 0
github.com/vmpx/vmp-x/cmd/vmpbuild/main.go:501.75,504.13 3 0
github.com/vmpx/vmp-x/cmd/vmpbuild/main.go:504.13,506.3 1 0
github.com/vmpx/vmp-x/cmd/vmpbuild/main.go:507.2,510.20 4 0
github.com/vmpx/vmp-x/cmd/vmpbuild/main.go:510.20,512.3 1 0
github.com/vmpx/vmp-x/cmd/vmpbuild/main.go:513.2,513.16 1 0
github.com/vmpx/vmp-x/cmd/vmpbuild/main.go:513.16,515.3 1 0
github.com/vmpx/vmp-x/cmd/vmpbuild/main.go:516.2,516.17 1 0
github.com/vmpx/vmp-x/cmd/vmpbuild/main.go:520.40,521.79 1 0
github.com/vmpx/vmp-x/cmd/vmpbuild/main.go:521.79,522.17 1 0
github.com/vmpx/vmp-x/cmd/vmpbuild/main.go:522.17,524.4 1 0
github.com/vmpx/vmp-x/cmd/vmpbuild/main.go:525.3,526.17 2 0
github.com/vmpx/vmp-x/cmd/vmpbuild/main.go:526.17,528.4 1 0
github.com/vmpx/vmp-x/cmd/vmpbuild/main.go:529.3,530.19 2 0
github.com/vmpx/vmp-x/cmd/vmpbuild/main.go:530.19,532.4 1 0
github.com/vmpx/vmp-x/cmd/vmpbuild/main.go:533.3,534.17 2 0
github.com/vmpx/vmp-x/cmd/vmpbuild/main.go:534.17,536.4 1 0
github.com/vmpx/vmp-x/cmd/vmpbuild/main.go:537.3,537.40 1 0
github.com/vmpx/vmp-x/cmd/vmpbuild/main.go:542.51,544.16 2 0
github.com/vmpx/vmp-x/cmd/vmpbuild/main.go:544.16,546.3 1 0
github.com/vmpx/vmp-x/cmd/vmpbuild/main.go:547.2,548.54 2 0
github.com/vmpx/vmp-x/cmd/vmpbuild/main.go:548.54,550.49 2 0
github.com/vmpx/vmp-x/cmd/vmpbuild/main.go:550.49,551.12 1 0
github.com/vmpx/vmp-x/cmd/vmpbuild/main.go:553.3,553.26 1 0
github.com/vmpx/vmp-x/cmd/vmpbuild/main.go:555.2,555.19 1 0
github.com/vmpx/vmp-x/cmd/vmpbuild/main.go:555.19,557.3 1 0
github.com/vmpx/vmp-x/cmd/vmpbuild/main.go:558.2,558.17 1 0
github.com/vmpx/vmp-x/cmd/vmpbuild/main.go:562.81,564.16 2 0
github.com/vmpx/vmp-x/cmd/vmpbuild/main.go:564.16,566.3 1 0
github.com/vmpx/vmp-x/cmd/vmpbuild/main.go:567.2,569.60 3 0
github.com/vmpx/vmp-x/cmd/vmpbuild/main.go:569.60,571.18 2 0
github.com/vmpx/vmp-x/cmd/vmpbuild/main.go:571.18,573.4 1 0
github.com/vmpx/vmp-x/cmd/vmpbuild/main.go:574.3,574.21 1 0
github.com/vmpx/vmp-x/cmd/vmpbuild/main.go:576.2,576.56 1 0
github.com/vmpx/vmp-x/cmd/vmpbuild/main.go:576.56,578.3 1 0
github.com/vmpx/vmp-x/cmd/vmpbuild/main.go:582.2,582.56 1 0
github.com/vmpx/vmp-x/cmd/vmpbuild/main.go:582.56,584.3 1 0
github.com/vmpx/vmp-x/cmd/vmpbuild/main.go:585.2,585.80 1 0
github.com/vmpx/vmp-x/cmd/vmpbuild/main.go:589.70,591.16 2 0
github.com/vmpx/vmp-x/cmd/vmpbuild/main.go:591.16,596.3 2 0
github.com/vmpx/vmp-x/cmd/vmpbuild/main.go:597.2,609.56 10 0
github.com/vmpx/vmp-x/cmd/vmpbuild/main.go:609.56,610.51 1 0
github.com/vmpx/vmp-x/cmd/vmpbuild/main.go:610.51,612.4 1 0
github.com/vmpx/vmp-x/cmd/vmpbuild/main.go:613.3,613.31 1 0
github.com/vmpx/vmp-x/cmd/vmpbuild/main.go:613.31,615.15 2 0
github.com/vmpx/vmp-x/cmd/vmpbuild/main.go:615.15,617.5 1 0
github.com/vmpx/vmp-x/cmd/vmpbuild/main.go:618.4,618.20 1 0
github.com/vmpx/vmp-x/cmd/vmpbuild/main.go:618.20,620.5 1 0
github.com/vmpx/vmp-x/cmd/vmpbuild/main.go:622.3,622.52 1 0
github.com/vmpx/vmp-x/cmd/vmpbuild/main.go:622.52,624.4 1 0
github.com/vmpx/vmp-x/cmd/vmpbuild/main.go:625.3,625.55 1 0
github.com/vmpx/vmp-x/cmd/vmpbuild/main.go:625.55,627.4 1 0
github.com/vmpx/vmp-x/cmd/vmpbuild/main.go:628.3,628.55 1 0
github.com/vmpx/vmp-x/cmd/vmpbuild/main.go:628.55,630.4 1 0
github.com/vmpx/vmp-x/cmd/vmpbuild/main.go:631.3,631.53 1 0
github.com/vmpx/vmp-x/cmd/vmpbuild/main.go:631.53,634.4 2 0
github.com/vmpx/vmp-x/cmd/vmpbuild/main.go:635.3,635.55 1 0
github.com/vmpx/vmp-x/cmd/vmpbuild/main.go:635.55,637.4 1 0
github.com/vmpx/vmp-x/cmd/vmpbuild/main.go:639.2,639.14 1 0
github.com/vmpx/vmp-x/cmd/vmpbuild/main.go:639.14,642.3 1 0
github.com/vmpx/vmp-x/cmd/vmpbuild/main.go:643.2,643.17 1 0
github.com/vmpx/vmp-x/cmd/vmpbuild/main.go:647.29,648.22 1 0
github.com/vmpx/vmp-x/cmd/vmpbuild/main.go:648.22,649.14 1 0
github.com/vmpx/vmp-x/cmd/vmpbuild/main.go:649.14,651.4 1 0
github.com/vmpx/vmp-x/cmd/vmpbuild/main.go:653.2,653.13 1 0
github.com/vmpx/vmp-x/cmd/vmpbuild/main.go:656.22,657.16 1 0
github.com/vmpx/vmp-x/cmd/vmpbuild/main.go:657.16,659.3 1 0
github.com/vmpx/vmp-x/cmd/vmpbuild/main.go:662.38,665.2 2 0
github.com/vmpx/vmp-x/cmd/vmpbuild/objfile.go:65.48,67.16 2 0
github.com/vmpx/vmp-x/cmd/vmpbuild/objfile.go:67.16,69.3 1 0
github.com/vmpx/vmp-x/cmd/vmpbuild/objfile.go:72.2,72.78 1 0
github.com/vmpx/vmp-x/cmd/vmpbuild/objfile.go:72.78,74.3 1 0
github.com/vmpx/vmp-x/cmd/vmpbuild/objfile.go:75.2,75.29 1 0
github.com/vmpx/vmp-x/cmd/vmpbuild/objfile.go:80.52,82.16 2 0
github.com/vmpx/vmp-x/cmd/vmpbuild/objfile.go:82.16,84.3 1 0
github.com/vmpx/vmp-x/cmd/vmpbuild/objfile.go:85.2,90.31 4 0
github.com/vmpx/vmp-x/cmd/vmpbuild/objfile.go:90.31,92.18 2 0
github.com/vmpx/vmp-x/cmd/vmpbuild/objfile.go:92.18,96.4 1 0
github.com/vmpx/vmp-x/cmd/vmpbuild/objfile.go:97.3,97.86 1 0
github.com/vmpx/vmp-x/cmd/vmpbuild/objfile.go:99.2,99.31 1 0
github.com/vmpx/vmp-x/cmd/vmpbuild/objfile.go:99.31,103.27 4 0
github.com/vmpx/vmp-x/cmd/vmpbuild/objfile.go:103.27,105.4 1 0
github.com/vmpx/vmp-x/cmd/vmpbuild/objfile.go:107.3,108.26 2 0
github.com/vmpx/vmp-x/cmd/vmpbuild/objfile.go:108.26,110.4 1 0
github.com/vmpx/vmp-x/cmd/vmpbuild/objfile.go:111.3,111.111 1 0
github.com/vmpx/vmp-x/cmd/vmpbuild/objfile.go:113.2,113.31 1 0
github.com/vmpx/vmp-x/cmd/vmpbuild/objfile.go:113.31,114.30 1 0
github.com/vmpx/vmp-x/cmd/vmpbuild/objfile.go:114.30,117.50 3 0
github.com/vmpx/vmp-x/cmd/vmpbuild/objfile.go:117.50,120.5 2 0
github.com/vmpx/vmp-x/cmd/vmpbuild/objfile.go:122.4,123.60 2 0
github.com/vmpx/vmp-x/cmd/vmpbuild/objfile.go:123.61,124.5 0 0
github.com/vmpx/vmp-x/cmd/vmpbuild/objfile.go:126.4,127.44 2 0
github.com/vmpx/vmp-x/cmd/vmpbuild/objfile.go:127.44,129.5 1 0
github.com/vmpx/vmp-x/cmd/vmpbuild/objfile.go:130.4,131.19 2 0
github.com/vmpx/vmp-x/cmd/vmpbuild/objfile.go:131.19,136.19 1 0
github.com/vmpx/vmp-x/cmd/vmpbuild/objfile.go:137.31,139.35 2 0
github.com/vmpx/vmp-x/cmd/vmpbuild/objfile.go:140.36,142.40 2 0
github.com/vmpx/vmp-x/cmd/vmpbuild/objfile.go:143.36,145.37 2 0
github.com/vmpx/vmp-x/cmd/vmpbuild/objfile.go:146.36,148.35 2 0
github.com/vmpx/vmp-x/cmd/vmpbuild/objfile.go:149.13,150.31 1 0
github.com/vmpx/vmp-x/cmd/vmpbuild/objfile.go:152.5,153.13 2 0
github.com/vmpx/vmp-x/cmd/vmpbuild/objfile.go:155.4,155.11 1 0
github.com/vmpx/vmp-x/cmd/vmpbuild/objfile.go:156.33,157.26 1 0
github.com/vmpx/vmp-x/cmd/vmpbuild/objfile.go:158.63,160.46 2 0
github.com/vmpx/vmp-x/cmd/vmpbuild/objfile.go:161.64,162.29 1 0
github.com/vmpx/vmp-x/cmd/vmpbuild/objfile.go:163.34,164.29 1 0
github.com/vmpx/vmp-x/cmd/vmpbuild/objfile.go:165.12,166.30 1 0
github.com/vmpx/vmp-x/cmd/vmpbuild/objfile.go:168.4,168.40 1 0
github.com/vmpx/vmp-x/cmd/vmpbuild/objfile.go:171.2,171.17 1 0
github.com/vmpx/vmp-x/cmd/vmpbuild/objfile.go:199.51,201.16 2 0
github.com/vmpx/vmp-x/cmd/vmpbuild/objfile.go:201.16,203.3 1 0
github.com/vmpx/vmp-x/cmd/vmpbuild/objfile.go:204.2,205.26 2 0
github.com/vmpx/vmp-x/cmd/vmpbuild/objfile.go:205.26,207.3 1 0
github.com/vmpx/vmp-x/cmd/vmpbuild/objfile.go:208.2,208.63 1 0
github.com/vmpx/vmp-x/cmd/vmpbuild/objfile.go:208.63,210.3 1 0
github.com/vmpx/vmp-x/cmd/vmpbuild/objfile.go:212.2,213.31 2 0
github.com/vmpx/vmp-x/cmd/vmpbuild/objfile.go:213.31,215.18 2 0
github.com/vmpx/vmp-x/cmd/vmpbuild/objfile.go:215.18,220.32 1 0
github.com/vmpx/vmp-x/cmd/vmpbuild/objfile.go:220.32,222.5 1 0
github.com/vmpx/vmp-x/cmd/vmpbuild/objfile.go:222.10,224.5 1 0
github.com/vmpx/vmp-x/cmd/vmpbuild/objfile.go:226.3,226.86 1 0
github.com/vmpx/vmp-x/cmd/vmpbuild/objfile.go:230.2,231.16 2 0
github.com/vmpx/vmp-x/cmd/vmpbuild/objfile.go:231.16,233.3 1 0
github.com/vmpx/vmp-x/cmd/vmpbuild/objfile.go:234.2,234.22 1 0
github.com/vmpx/vmp-x/cmd/vmpbuild/objfile.go:234.22,239.66 3 0
github.com/vmpx/vmp-x/cmd/vmpbuild/objfile.go:239.66,241.4 1 0
github.com/vmpx/vmp-x/cmd/vmpbuild/objfile.go:242.3,243.83 2 0
github.com/vmpx/vmp-x/cmd/vmpbuild/objfile.go:243.83,245.4 1 0
github.com/vmpx/vmp-x/cmd/vmpbuild/objfile.go:246.3,246.105 1 0
github.com/vmpx/vmp-x/cmd/vmpbuild/objfile.go:250.2,250.31 1 0
github.com/vmpx/vmp-x/cmd/vmpbuild/objfile.go:250.31,251.54 1 0
github.com/vmpx/vmp-x/cmd/vmpbuild/objfile.go:251.54,252.12 1 0
github.com/vmpx/vmp-x/cmd/vmpbuild/objfile.go:254.3,256.18 3 0
github.com/vmpx/vmp-x/cmd/vmpbuild/objfile.go:256.18,258.4 1 0
github.com/vmpx/vmp-x/cmd/vmpbuild/objfile.go:259.3,259.29 1 0
github.com/vmpx/vmp-x/cmd/vmpbuild/objfile.go:259.29,260.49 1 0
github.com/vmpx/vmp-x/cmd/vmpbuild/objfile.go:260.49,265.5 4 0
github.com/vmpx/vmp-x/cmd/vmpbuild/objfile.go:266.9,267.49 1 0
github.com/vmpx/vmp-x/cmd/vmpbuild/objfile.go:267.49,271.5 3 0
github.com/vmpx/vmp-x/cmd/vmpbuild/objfile.go:274.2,274.17 1 0
github.com/vmpx/vmp-x/cmd/vmpbuild/objfile.go:280.46,282.2 1 1
github.com/vmpx/vmp-x/cmd/vmpbuild/objfile.go:285.48,289.2 3 1
github.com/vmpx/vmp-x/cmd/vmpbuild/objfile.go:292.51,294.2 1 1
github.com/vmpx/vmp-x/cmd/vmpbuild/objfile.go:298.52,300.2 1 1
github.com/vmpx/vmp-x/cmd/vmpbuild/objfile.go:303.68,305.44 1 1
github.com/vmpx/vmp-x/cmd/vmpbuild/objfile.go:305.44,307.3 1 0
github.com/vmpx/vmp-x/cmd/vmpbuild/objfile.go:308.2,310.28 3 1
github.com/vmpx/vmp-x/cmd/vmpbuild/objfile.go:310.28,312.3 1 1
github.com/vmpx/vmp-x/cmd/vmpbuild/objfile.go:313.2,315.18 3 1
github.com/vmpx/vmp-x/cmd/vmpbuild/objfile.go:318.102,327.31 4 0
github.com/vmpx/vmp-x/cmd/vmpbuild/objfile.go:327.31,330.3 2 0
github.com/vmpx/vmp-x/cmd/vmpbuild/objfile.go:331.2,331.14 1 0
github.com/vmpx/vmp-x/cmd/vmpbuild/objfile.go:331.14,333.33 1 0
github.com/vmpx/vmp-x/cmd/vmpbuild/objfile.go:333.33,335.29 2 0
github.com/vmpx/vmp-x/cmd/vmpbuild/objfile.go:335.29,337.5 1 0
github.com/vmpx/vmp-x/cmd/vmpbuild/objfile.go:340.2,340.17 1 0
github.com/vmpx/vmp-x/cmd/vmpbuild/objfile.go:340.17,341.14 1 0
github.com/vmpx/vmp-x/cmd/vmpbuild/objfile.go:342.43,343.33 1 0
github.com/vmpx/vmp-x/cmd/vmpbuild/objfile.go:344.35,346.38 1 0
github.com/vmpx/vmp-x/cmd/vmpbuild/objfile.go:347.34,348.35 1 0
github.com/vmpx/vmp-x/cmd/vmpbuild/objfile.go:349.59,351.29 1 0
github.com/vmpx/vmp-x/cmd/vmpbuild/objfile.go:352.11,353.29 1 0
github.com/vmpx/vmp-x/cmd/vmpbuild/objfile.go:355.3,355.13 1 0
github.com/vmpx/vmp-x/cmd/vmpbuild/objfile.go:357.2,357.13 1 0
github.com/vmpx/vmp-x/cmd/vmpbuild/objfile.go:358.37,359.24 1 0
github.com/vmpx/vmp-x/cmd/vmpbuild/objfile.go:360.33,361.27 1 0
github.com/vmpx/vmp-x/cmd/vmpbuild/objfile.go:362.19,363.27 1 0
github.com/vmpx/vmp-x/cmd/vmpbuild/objfile.go:364.10,365.28 1 0
github.com/vmpx/vmp-x/cmd/vmpbuild/objfile.go:367.2,367.12 1 0
github.com/vmpx/vmp-x/internal/decode/x64/decode.go:31.25,31.46 1 1
github.com/vmpx/vmp-x/internal/decode/x64/decode.go:34.30,34.50 1 1
github.com/vmpx/vmp-x/internal/decode/x64/decode.go:37.29,38.15 1 1
github.com/vmpx/vmp-x/internal/decode/x64/decode.go:38.15,40.3 1 1
github.com/vmpx/vmp-x/internal/decode/x64/decode.go:41.2,41.15 1 1
github.com/vmpx/vmp-x/internal/decode/x64/decode.go:41.15,43.3 1 1
github.com/vmpx/vmp-x/internal/decode/x64/decode.go:44.2,44.24 1 0
github.com/vmpx/vmp-x/internal/decode/x64/decode.go:49.44,50.23 1 1
github.com/vmpx/vmp-x/internal/decode/x64/decode.go:50.23,52.3 1 1
github.com/vmpx/vmp-x/internal/decode/x64/decode.go:53.2,54.46 2 1
github.com/vmpx/vmp-x/internal/decode/x64/decode.go:54.46,56.3 1 0
github.com/vmpx/vmp-x/internal/decode/x64/decode.go:57.2,58.22 2 1
github.com/vmpx/vmp-x/internal/decode/x64/decode.go:59.9,60.33 1 0
github.com/vmpx/vmp-x/internal/decode/x64/decode.go:61.9,62.63 1 0
github.com/vmpx/vmp-x/internal/decode/x64/decode.go:63.9,64.63 1 1
github.com/vmpx/vmp-x/internal/decode/x64/decode.go:65.10,66.18 1 0
github.com/vmpx/vmp-x/internal/decode/x64/decode.go:68.2,68.55 1 1
github.com/vmpx/vmp-x/internal/decode/x64/decode.go:75.32,76.11 1 1
github.com/vmpx/vmp-x/internal/decode/x64/decode.go:77.72,78.14 1 1
github.com/vmpx/vmp-x/internal/decode/x64/decode.go:80.2,80.14 1 1
github.com/vmpx/vmp-x/internal/decode/x64/decode.go:84.51,85.20 1 1
github.com/vmpx/vmp-x/internal/decode/x64/decode.go:85.20,87.3 1 1
github.com/vmpx/vmp-x/internal/decode/x64/decode.go:90.2,91.40 1 1
github.com/vmpx/vmp-x/internal/decode/x64/decode.go:91.40,99.3 1 1
github.com/vmpx/vmp-x/internal/decode/x64/decode.go:101.2,102.16 2 1
github.com/vmpx/vmp-x/internal/decode/x64/decode.go:102.16,104.3 1 0
github.com/vmpx/vmp-x/internal/decode/x64/decode.go:105.2,105.43 1 1
github.com/vmpx/vmp-x/internal/decode/x64/decode.go:105.43,107.3 1 0
github.com/vmpx/vmp-x/internal/decode/x64/decode.go:109.2,109.35 1 1
github.com/vmpx/vmp-x/internal/decode/x64/decode.go:109.35,110.28 1 1
github.com/vmpx/vmp-x/internal/decode/x64/decode.go:110.28,112.4 1 1
github.com/vmpx/vmp-x/internal/decode/x64/decode.go:113.3,113.72 1 1
github.com/vmpx/vmp-x/internal/decode/x64/decode.go:116.2,120.8 1 1
github.com/vmpx/vmp-x/internal/decode/x64/decode.go:124.74,125.19 1 1
github.com/vmpx/vmp-x/internal/decode/x64/decode.go:125.19,127.3 1 1
github.com/vmpx/vmp-x/internal/decode/x64/decode.go:128.2,130.22 3 1
github.com/vmpx/vmp-x/internal/decode/x64/decode.go:130.22,131.27 1 1
github.com/vmpx/vmp-x/internal/decode/x64/decode.go:131.27,133.4 1 0
github.com/vmpx/vmp-x/internal/decode/x64/decode.go:134.3,135.17 2 1
github.com/vmpx/vmp-x/internal/decode/x64/decode.go:135.17,137.4 1 0
github.com/vmpx/vmp-x/internal/decode/x64/decode.go:138.3,139.19 2 1
github.com/vmpx/vmp-x/internal/decode/x64/decode.go:141.2,141.22 1 1
github.com/vmpx/vmp-x/internal/decode/x64/decode.go:141.22,143.3 1 0
github.com/vmpx/vmp-x/internal/decode/x64/decode.go:144.2,144.17 1 1
github.com/vmpx/vmp-x/internal/load/pe/pe.go:75.36,75.82 1 1
github.com/vmpx/vmp-x/internal/load/pe/pe.go:76.36,76.82 1 1
github.com/vmpx/vmp-x/internal/load/pe/pe.go:79.38,80.16 1 1
github.com/vmpx/vmp-x/internal/load/pe/pe.go:80.16,82.3 1 0
github.com/vmpx/vmp-x/internal/load/pe/pe.go:83.2,83.39 1 1
github.com/vmpx/vmp-x/internal/load/pe/pe.go:87.40,88.29 1 1
github.com/vmpx/vmp-x/internal/load/pe/pe.go:88.29,90.3 1 1
github.com/vmpx/vmp-x/internal/load/pe/pe.go:91.2,91.29 1 1
github.com/vmpx/vmp-x/internal/load/pe/pe.go:91.29,93.3 1 0
github.com/vmpx/vmp-x/internal/load/pe/pe.go:94.2,95.42 2 1
github.com/vmpx/vmp-x/internal/load/pe/pe.go:95.42,97.3 1 0
github.com/vmpx/vmp-x/internal/load/pe/pe.go:98.2,98.34 1 1
github.com/vmpx/vmp-x/internal/load/pe/pe.go:98.34,100.3 1 0
github.com/vmpx/vmp-x/internal/load/pe/pe.go:102.2,109.37 7 1
github.com/vmpx/vmp-x/internal/load/pe/pe.go:109.37,111.3 1 0
github.com/vmpx/vmp-x/internal/load/pe/pe.go:112.2,112.70 1 1
github.com/vmpx/vmp-x/internal/load/pe/pe.go:112.70,114.3 1 1
github.com/vmpx/vmp-x/internal/load/pe/pe.go:115.2,115.39 1 1
github.com/vmpx/vmp-x/internal/load/pe/pe.go:115.39,117.3 1 0
github.com/vmpx/vmp-x/internal/load/pe/pe.go:119.2,127.53 8 1
github.com/vmpx/vmp-x/internal/load/pe/pe.go:127.53,129.3 1 0
github.com/vmpx/vmp-x/internal/load/pe/pe.go:131.2,132.55 2 1
github.com/vmpx/vmp-x/internal/load/pe/pe.go:132.55,134.3 1 0
github.com/vmpx/vmp-x/internal/load/pe/pe.go:135.2,135.42 1 1
github.com/vmpx/vmp-x/internal/load/pe/pe.go:135.42,137.40 2 1
github.com/vmpx/vmp-x/internal/load/pe/pe.go:137.40,139.4 1 0
github.com/vmpx/vmp-x/internal/load/pe/pe.go:140.3,149.5 2 1
github.com/vmpx/vmp-x/internal/load/pe/pe.go:151.2,151.15 1 1
github.com/vmpx/vmp-x/internal/load/pe/pe.go:155.39,157.16 2 0
github.com/vmpx/vmp-x/internal/load/pe/pe.go:157.16,159.3 1 0
github.com/vmpx/vmp-x/internal/load/pe/pe.go:160.2,160.20 1 0
github.com/vmpx/vmp-x/internal/load/pe/pe.go:164.33,166.31 2 1
github.com/vmpx/vmp-x/internal/load/pe/pe.go:166.31,168.17 2 1
github.com/vmpx/vmp-x/internal/load/pe/pe.go:168.17,170.4 1 0
github.com/vmpx/vmp-x/internal/load/pe/pe.go:172.2,172.41 1 1
github.com/vmpx/vmp-x/internal/load/pe/pe.go:176.33,178.31 2 1
github.com/vmpx/vmp-x/internal/load/pe/pe.go:178.31,179.60 1 1
github.com/vmpx/vmp-x/internal/load/pe/pe.go:179.60,181.4 1 0
github.com/vmpx/vmp-x/internal/load/pe/pe.go:183.2,183.30 1 1
github.com/vmpx/vmp-x/internal/load/pe/pe.go:183.30,185.3 1 0
github.com/vmpx/vmp-x/internal/load/pe/pe.go:186.2,186.80 1 1
github.com/vmpx/vmp-x/internal/load/pe/pe.go:191.87,192.37 1 1
github.com/vmpx/vmp-x/internal/load/pe/pe.go:192.37,194.3 1 0
github.com/vmpx/vmp-x/internal/load/pe/pe.go:195.2,195.30 1 1
github.com/vmpx/vmp-x/internal/load/pe/pe.go:195.30,197.3 1 0
github.com/vmpx/vmp-x/internal/load/pe/pe.go:198.2,198.40 1 1
github.com/vmpx/vmp-x/internal/load/pe/pe.go:198.40,200.3 1 1
github.com/vmpx/vmp-x/internal/load/pe/pe.go:202.2,204.35 2 1
github.com/vmpx/vmp-x/internal/load/pe/pe.go:204.35,206.3 1 0
github.com/vmpx/vmp-x/internal/load/pe/pe.go:207.2,208.18 2 1
github.com/vmpx/vmp-x/internal/load/pe/pe.go:208.18,210.3 1 0
github.com/vmpx/vmp-x/internal/load/pe/pe.go:211.2,212.43 2 1
github.com/vmpx/vmp-x/internal/load/pe/pe.go:212.43,214.3 1 1
github.com/vmpx/vmp-x/internal/load/pe/pe.go:216.2,245.18 18 1
github.com/vmpx/vmp-x/internal/load/pe/pe.go:249.53,250.31 1 1
github.com/vmpx/vmp-x/internal/load/pe/pe.go:250.31,253.32 3 1
github.com/vmpx/vmp-x/internal/load/pe/pe.go:253.32,255.26 2 1
github.com/vmpx/vmp-x/internal/load/pe/pe.go:255.26,257.5 1 0
github.com/vmpx/vmp-x/internal/load/pe/pe.go:258.4,258.19 1 1
github.com/vmpx/vmp-x/internal/load/pe/pe.go:261.2,261.58 1 0
github.com/vmpx/vmp-x/internal/load/pe/pe.go:265.40,267.2 1 0
github.com/vmpx/vmp-x/internal/load/pe/pe.go:270.33,272.19 2 0
github.com/vmpx/vmp-x/internal/load/pe/pe.go:273.20,274.18 1 0
github.com/vmpx/vmp-x/internal/load/pe/pe.go:275.20,276.17 1 0
github.com/vmpx/vmp-x/internal/load/pe/pe.go:278.2,280.31 2 0
github.com/vmpx/vmp-x/internal/load/pe/pe.go:280.31,283.3 1 0
github.com/vmpx/vmp-x/internal/load/pe/pe.go:284.2,284.12 1 0
github.com/vmpx/vmp-x/internal/guest/arm64/semantics.go:17.29,18.13 1 1
github.com/vmpx/vmp-x/internal/guest/arm64/semantics.go:18.13,20.3 1 1
github.com/vmpx/vmp-x/internal/guest/arm64/semantics.go:21.2,21.29 1 1
github.com/vmpx/vmp-x/internal/guest/arm64/semantics.go:24.36,26.21 2 1
github.com/vmpx/vmp-x/internal/guest/arm64/semantics.go:26.21,28.3 1 1
github.com/vmpx/vmp-x/internal/guest/arm64/semantics.go:29.2,29.31 1 1
github.com/vmpx/vmp-x/internal/guest/arm64/semantics.go:29.31,31.3 1 1
github.com/vmpx/vmp-x/internal/guest/arm64/semantics.go:32.2,32.10 1 1
github.com/vmpx/vmp-x/internal/guest/arm64/semantics.go:36.48,41.13 5 1
github.com/vmpx/vmp-x/internal/guest/arm64/semantics.go:41.13,42.13 1 1
github.com/vmpx/vmp-x/internal/guest/arm64/semantics.go:42.13,44.4 1 1
github.com/vmpx/vmp-x/internal/guest/arm64/semantics.go:45.8,45.22 1 1
github.com/vmpx/vmp-x/internal/guest/arm64/semantics.go:45.22,47.3 1 1
github.com/vmpx/vmp-x/internal/guest/arm64/semantics.go:48.2,48.38 1 1
github.com/vmpx/vmp-x/internal/guest/arm64/semantics.go:48.38,50.3 1 1
github.com/vmpx/vmp-x/internal/guest/arm64/semantics.go:51.2,51.10 1 1
github.com/vmpx/vmp-x/internal/guest/arm64/semantics.go:55.48,59.16 4 1
github.com/vmpx/vmp-x/internal/guest/arm64/semantics.go:59.16,61.3 1 1
github.com/vmpx/vmp-x/internal/guest/arm64/semantics.go:62.2,62.37 1 1
github.com/vmpx/vmp-x/internal/guest/arm64/semantics.go:62.37,64.3 1 1
github.com/vmpx/vmp-x/internal/guest/arm64/semantics.go:65.2,65.10 1 1
github.com/vmpx/vmp-x/internal/guest/arm64/semantics.go:69.44,69.63 1 1
github.com/vmpx/vmp-x/internal/guest/arm64/semantics.go:72.42,72.61 1 1
github.com/vmpx/vmp-x/internal/guest/arm64/semantics.go:75.71,77.14 2 1
github.com/vmpx/vmp-x/internal/guest/arm64/semantics.go:77.14,79.3 1 1
github.com/vmpx/vmp-x/internal/guest/arm64/semantics.go:79.8,79.30 1 1
github.com/vmpx/vmp-x/internal/guest/arm64/semantics.go:79.30,81.3 1 1
github.com/vmpx/vmp-x/internal/guest/arm64/semantics.go:82.2,82.10 1 1
github.com/vmpx/vmp-x/internal/guest/arm64/semantics.go:86.37,91.19 5 1
github.com/vmpx/vmp-x/internal/guest/arm64/semantics.go:92.9,93.11 1 1
github.com/vmpx/vmp-x/internal/guest/arm64/semantics.go:94.9,95.12 1 1
github.com/vmpx/vmp-x/internal/guest/arm64/semantics.go:96.9,97.11 1 1
github.com/vmpx/vmp-x/internal/guest/arm64/semantics.go:98.9,99.12 1 1
github.com/vmpx/vmp-x/internal/guest/arm64/semantics.go:100.9,101.11 1 1
github.com/vmpx/vmp-x/internal/guest/arm64/semantics.go:102.9,103.12 1 1
github.com/vmpx/vmp-x/internal/guest/arm64/semantics.go:104.9,105.11 1 1
github.com/vmpx/vmp-x/internal/guest/arm64/semantics.go:106.9,107.12 1 1
github.com/vmpx/vmp-x/internal/guest/arm64/semantics.go:108.9,109.17 1 1
github.com/vmpx/vmp-x/internal/guest/arm64/semantics.go:110.9,111.17 1 1
github.com/vmpx/vmp-x/internal/guest/arm64/semantics.go:112.10,113.16 1 1
github.com/vmpx/vmp-x/internal/guest/arm64/semantics.go:114.10,115.16 1 1
github.com/vmpx/vmp-x/internal/guest/arm64/semantics.go:116.10,117.24 1 1
github.com/vmpx/vmp-x/internal/guest/arm64/semantics.go:118.10,119.23 1 1
github.com/vmpx/vmp-x/internal/guest/arm64/semantics.go:120.10,121.14 1 1
github.com/vmpx/vmp-x/internal/lift/x64/lift.go:49.42,49.82 1 1
github.com/vmpx/vmp-x/internal/lift/x64/lift.go:52.45,52.67 1 1
github.com/vmpx/vmp-x/internal/lift/x64/lift.go:56.67,56.86 1 1
github.com/vmpx/vmp-x/internal/lift/x64/lift.go:60.41,60.63 1 1
github.com/vmpx/vmp-x/internal/lift/x64/lift.go:63.64,64.23 1 1
github.com/vmpx/vmp-x/internal/lift/x64/lift.go:64.23,66.3 1 0
github.com/vmpx/vmp-x/internal/lift/x64/lift.go:67.2,68.39 2 1
github.com/vmpx/vmp-x/internal/lift/x64/lift.go:68.39,70.3 1 1
github.com/vmpx/vmp-x/internal/lift/x64/lift.go:71.2,71.11 1 1
github.com/vmpx/vmp-x/internal/lift/x64/lift.go:71.11,73.3 1 0
github.com/vmpx/vmp-x/internal/lift/x64/lift.go:74.2,74.64 1 1
github.com/vmpx/vmp-x/internal/lift/x64/lift.go:78.40,78.59 1 1
github.com/vmpx/vmp-x/internal/lift/x64/lift.go:83.63,84.34 1 1
github.com/vmpx/vmp-x/internal/lift/x64/lift.go:84.34,86.3 1 1
github.com/vmpx/vmp-x/internal/lift/x64/lift.go:87.2,87.13 1 1
github.com/vmpx/vmp-x/internal/lift/x64/lift.go:95.83,123.6 12 1
github.com/vmpx/vmp-x/internal/lift/x64/lift.go:123.6,126.26 2 1
github.com/vmpx/vmp-x/internal/lift/x64/lift.go:126.26,127.29 1 1
github.com/vmpx/vmp-x/internal/lift/x64/lift.go:127.29,129.10 2 1
github.com/vmpx/vmp-x/internal/lift/x64/lift.go:132.3,132.14 1 1
github.com/vmpx/vmp-x/internal/lift/x64/lift.go:132.14,133.9 1 1
github.com/vmpx/vmp-x/internal/lift/x64/lift.go:135.3,139.18 4 1
github.com/vmpx/vmp-x/internal/lift/x64/lift.go:139.18,140.21 1 0
github.com/vmpx/vmp-x/internal/lift/x64/lift.go:140.21,142.5 1 0
github.com/vmpx/vmp-x/internal/lift/x64/lift.go:144.4,146.12 2 0
github.com/vmpx/vmp-x/internal/lift/x64/lift.go:148.3,150.26 2 1
github.com/vmpx/vmp-x/internal/lift/x64/lift.go:150.26,153.15 3 1
github.com/vmpx/vmp-x/internal/lift/x64/lift.go:153.15,155.5 1 1
github.com/vmpx/vmp-x/internal/lift/x64/lift.go:156.4,156.15 1 1
github.com/vmpx/vmp-x/internal/lift/x64/lift.go:156.15,158.5 1 1
github.com/vmpx/vmp-x/internal/lift/x64/lift.go:159.4,163.18 5 1
github.com/vmpx/vmp-x/internal/lift/x64/lift.go:163.18,166.5 1 1
github.com/vmpx/vmp-x/internal/lift/x64/lift.go:167.4,167.18 1 1
github.com/vmpx/vmp-x/internal/lift/x64/lift.go:167.18,170.5 1 1
github.com/vmpx/vmp-x/internal/lift/x64/lift.go:171.4,172.26 2 1
github.com/vmpx/vmp-x/internal/lift/x64/lift.go:172.26,174.5 1 1
github.com/vmpx/vmp-x/internal/lift/x64/lift.go:176.3,179.26 2 1
github.com/vmpx/vmp-x/internal/lift/x64/lift.go:179.26,183.56 2 1
github.com/vmpx/vmp-x/internal/lift/x64/lift.go:183.56,184.13 1 1
github.com/vmpx/vmp-x/internal/lift/x64/lift.go:186.4,186.42 1 1
github.com/vmpx/vmp-x/internal/lift/x64/lift.go:186.42,187.13 1 1
github.com/vmpx/vmp-x/internal/lift/x64/lift.go:189.4,189.79 1 1
github.com/vmpx/vmp-x/internal/lift/x64/lift.go:189.79,190.13 1 0
github.com/vmpx/vmp-x/internal/lift/x64/lift.go:193.4,196.11 4 1
github.com/vmpx/vmp-x/internal/lift/x64/lift.go:196.11,197.13 1 1
github.com/vmpx/vmp-x/internal/lift/x64/lift.go:199.4,201.57 3 1
github.com/vmpx/vmp-x/internal/lift/x64/lift.go:205.2,205.28 1 1
github.com/vmpx/vmp-x/internal/lift/x64/lift.go:205.28,207.3 1 1
github.com/vmpx/vmp-x/internal/lift/x64/lift.go:209.2,209.25 1 1
github.com/vmpx/vmp-x/internal/lift/x64/lift.go:209.25,211.41 2 1
github.com/vmpx/vmp-x/internal/lift/x64/lift.go:211.41,212.12 1 1
github.com/vmpx/vmp-x/internal/lift/x64/lift.go:214.3,214.36 1 1
github.com/vmpx/vmp-x/internal/lift/x64/lift.go:214.36,215.12 1 1
github.com/vmpx/vmp-x/internal/lift/x64/lift.go:217.3,218.10 2 1
github.com/vmpx/vmp-x/internal/lift/x64/lift.go:218.10,221.4 1 1
github.com/vmpx/vmp-x/internal/lift/x64/lift.go:222.3,222.18 1 1
github.com/vmpx/vmp-x/internal/lift/x64/lift.go:224.2,224.15 1 1
github.com/vmpx/vmp-x/internal/lift/x64/lift.go:229.70,230.24 1 1
github.com/vmpx/vmp-x/internal/lift/x64/lift.go:230.24,232.3 1 0
github.com/vmpx/vmp-x/internal/lift/x64/lift.go:235.2,236.51 2 1
github.com/vmpx/vmp-x/internal/lift/x64/lift.go:236.51,237.47 1 1
github.com/vmpx/vmp-x/internal/lift/x64/lift.go:237.47,239.9 2 1
github.com/vmpx/vmp-x/internal/lift/x64/lift.go:242.2,242.19 1 1
github.com/vmpx/vmp-x/internal/lift/x64/lift.go:242.19,244.3 1 1
github.com/vmpx/vmp-x/internal/lift/x64/lift.go:245.2,247.50 3 1
github.com/vmpx/vmp-x/internal/lift/x64/lift.go:247.50,249.35 2 1
github.com/vmpx/vmp-x/internal/lift/x64/lift.go:249.35,251.4 1 0
github.com/vmpx/vmp-x/internal/lift/x64/lift.go:252.3,253.19 2 1
github.com/vmpx/vmp-x/internal/lift/x64/lift.go:254.31,255.26 1 1
github.com/vmpx/vmp-x/internal/lift/x64/lift.go:258.2,258.19 1 0
github.com/vmpx/vmp-x/internal/lift/x64/lift.go:261.47,261.80 1 1
github.com/vmpx/vmp-x/internal/lift/x64/lift.go:267.53,269.9 2 1
github.com/vmpx/vmp-x/internal/lift/x64/lift.go:270.24,271.36 1 1
github.com/vmpx/vmp-x/internal/lift/x64/lift.go:272.24,273.21 1 1
github.com/vmpx/vmp-x/internal/lift/x64/lift.go:274.25,275.40 1 1
github.com/vmpx/vmp-x/internal/lift/x64/lift.go:276.26,277.41 1 1
github.com/vmpx/vmp-x/internal/lift/x64/lift.go:278.26,279.38 1 1
github.com/vmpx/vmp-x/internal/lift/x64/lift.go:280.26,281.42 1 1
github.com/vmpx/vmp-x/internal/lift/x64/lift.go:282.26,283.38 1 1
github.com/vmpx/vmp-x/internal/lift/x64/lift.go:284.26,285.42 1 1
github.com/vmpx/vmp-x/internal/lift/x64/lift.go:286.26,287.38 1 1
github.com/vmpx/vmp-x/internal/lift/x64/lift.go:289.2,289.20 1 1
github.com/vmpx/vmp-x/internal/lift/x64/lift.go:292.46,292.87 2 1
github.com/vmpx/vmp-x/internal/lift/x64/lift.go:293.46,293.87 2 1
github.com/vmpx/vmp-x/internal/lift/x64/lift.go:294.46,294.94 2 1
github.com/vmpx/vmp-x/internal/lift/x64/lift.go:295.46,295.94 2 1
github.com/vmpx/vmp-x/internal/lift/x64/lift.go:298.56,300.9 2 1
github.com/vmpx/vmp-x/internal/lift/x64/lift.go:300.9,302.3 1 1
github.com/vmpx/vmp-x/internal/lift/x64/lift.go:303.2,303.19 1 1
github.com/vmpx/vmp-x/internal/lift/x64/lift.go:307.114,309.55 2 1
github.com/vmpx/vmp-x/internal/lift/x64/lift.go:309.55,311.3 1 0
github.com/vmpx/vmp-x/internal/lift/x64/lift.go:312.2,312.9 1 1
github.com/vmpx/vmp-x/internal/lift/x64/lift.go:313.19,313.19 0 1
github.com/vmpx/vmp-x/internal/lift/x64/lift.go:315.28,317.10 2 0
github.com/vmpx/vmp-x/internal/lift/x64/lift.go:317.10,319.4 1 0
github.com/vmpx/vmp-x/internal/lift/x64/lift.go:320.3,320.27 1 0
github.com/vmpx/vmp-x/internal/lift/x64/lift.go:320.27,322.4 1 0
github.com/vmpx/vmp-x/internal/lift/x64/lift.go:323.3,324.37 2 0
github.com/vmpx/vmp-x/internal/lift/x64/lift.go:325.10,327.25 2 1
github.com/vmpx/vmp-x/internal/lift/x64/lift.go:327.25,329.4 1 0
github.com/vmpx/vmp-x/internal/lift/x64/lift.go:330.3,330.11 1 1
github.com/vmpx/vmp-x/internal/lift/x64/lift.go:332.2,332.18 1 1
github.com/vmpx/vmp-x/internal/lift/x64/lift.go:332.18,334.25 2 1
github.com/vmpx/vmp-x/internal/lift/x64/lift.go:334.25,336.4 1 0
github.com/vmpx/vmp-x/internal/lift/x64/lift.go:337.3,337.67 1 1
github.com/vmpx/vmp-x/internal/lift/x64/lift.go:337.67,339.4 1 0
github.com/vmpx/vmp-x/internal/lift/x64/lift.go:340.3,341.25 2 1
github.com/vmpx/vmp-x/internal/lift/x64/lift.go:343.2,343.26 1 1
github.com/vmpx/vmp-x/internal/lift/x64/lift.go:343.26,345.3 1 1
github.com/vmpx/vmp-x/internal/lift/x64/lift.go:349.2,349.20 1 1
github.com/vmpx/vmp-x/internal/lift/x64/lift.go:349.20,350.17 1 1
github.com/vmpx/vmp-x/internal/lift/x64/lift.go:350.17,352.4 1 0
github.com/vmpx/vmp-x/internal/lift/x64/lift.go:353.3,353.56 1 1
github.com/vmpx/vmp-x/internal/lift/x64/lift.go:354.8,354.41 1 1
github.com/vmpx/vmp-x/internal/lift/x64/lift.go:354.41,356.3 1 0
github.com/vmpx/vmp-x/internal/lift/x64/lift.go:357.2,357.38 1 1
github.com/vmpx/vmp-x/internal/lift/x64/lift.go:361.40,362.50 1 1
github.com/vmpx/vmp-x/internal/lift/x64/lift.go:362.50,364.3 1 1
github.com/vmpx/vmp-x/internal/lift/x64/lift.go:365.2,365.27 1 0
github.com/vmpx/vmp-x/internal/lift/x64/lift.go:366.9,367.15 1 0
github.com/vmpx/vmp-x/internal/lift/x64/lift.go:368.10,369.16 1 0
github.com/vmpx/vmp-x/internal/lift/x64/lift.go:370.10,371.16 1 0
github.com/vmpx/vmp-x/internal/lift/x64/lift.go:372.10,373.16 1 0
github.com/vmpx/vmp-x/internal/lift/x64/lift.go:377.41,378.27 1 1
github.com/vmpx/vmp-x/internal/lift/x64/lift.go:378.27,380.3 1 1
github.com/vmpx/vmp-x/internal/lift/x64/lift.go:381.2,381.21 1 0
github.com/vmpx/vmp-x/internal/lift/x64/lift.go:386.73,387.32 1 1
github.com/vmpx/vmp-x/internal/lift/x64/lift.go:387.32,390.3 2 0
github.com/vmpx/vmp-x/internal/lift/x64/lift.go:391.2,393.25 3 1
github.com/vmpx/vmp-x/internal/lift/x64/lift.go:393.25,397.3 3 1
github.com/vmpx/vmp-x/internal/lift/x64/lift.go:403.2,403.37 1 1
github.com/vmpx/vmp-x/internal/lift/x64/lift.go:403.37,404.30 1 1
github.com/vmpx/vmp-x/internal/lift/x64/lift.go:404.30,406.4 1 0
github.com/vmpx/vmp-x/internal/lift/x64/lift.go:409.2,409.12 1 1
github.com/vmpx/vmp-x/internal/lift/x64/lift.go:410.18,412.13 2 1
github.com/vmpx/vmp-x/internal/lift/x64/lift.go:414.19,417.17 3 0
github.com/vmpx/vmp-x/internal/lift/x64/lift.go:417.17,418.14 1 0
github.com/vmpx/vmp-x/internal/lift/x64/lift.go:418.14,422.5 2 0
github.com/vmpx/vmp-x/internal/lift/x64/lift.go:424.4,425.14 2 0
github.com/vmpx/vmp-x/internal/lift/x64/lift.go:425.14,427.5 1 0
github.com/vmpx/vmp-x/internal/lift/x64/lift.go:428.4,431.14 4 0
github.com/vmpx/vmp-x/internal/lift/x64/lift.go:434.3,434.46 1 0
github.com/vmpx/vmp-x/internal/lift/x64/lift.go:434.46,436.19 2 0
github.com/vmpx/vmp-x/internal/lift/x64/lift.go:436.19,438.5 1 0
github.com/vmpx/vmp-x/internal/lift/x64/lift.go:439.4,441.14 2 0
github.com/vmpx/vmp-x/internal/lift/x64/lift.go:443.3,443.37 1 0
github.com/vmpx/vmp-x/internal/lift/x64/lift.go:443.37,445.12 2 0
github.com/vmpx/vmp-x/internal/lift/x64/lift.go:445.12,447.5 1 0
github.com/vmpx/vmp-x/internal/lift/x64/lift.go:448.4,448.21 1 0
github.com/vmpx/vmp-x/internal/lift/x64/lift.go:450.3,450.37 1 0
github.com/vmpx/vmp-x/internal/lift/x64/lift.go:450.37,452.12 2 0
github.com/vmpx/vmp-x/internal/lift/x64/lift.go:452.12,454.5 1 0
github.com/vmpx/vmp-x/internal/lift/x64/lift.go:455.4,455.21 1 0
github.com/vmpx/vmp-x/internal/lift/x64/lift.go:457.3,457.77 1 0
github.com/vmpx/vmp-x/internal/lift/x64/lift.go:459.18,460.32 1 1
github.com/vmpx/vmp-x/internal/lift/x64/lift.go:462.18,464.10 2 1
github.com/vmpx/vmp-x/internal/lift/x64/lift.go:464.10,466.4 1 0
github.com/vmpx/vmp-x/internal/lift/x64/lift.go:467.3,468.10 2 1
github.com/vmpx/vmp-x/internal/lift/x64/lift.go:468.10,470.4 1 0
github.com/vmpx/vmp-x/internal/lift/x64/lift.go:471.3,472.17 2 1
github.com/vmpx/vmp-x/internal/lift/x64/lift.go:472.17,474.4 1 0
github.com/vmpx/vmp-x/internal/lift/x64/lift.go:475.3,476.13 2 1
github.com/vmpx/vmp-x/internal/lift/x64/lift.go:479.26,486.38 2 1
github.com/vmpx/vmp-x/internal/lift/x64/lift.go:488.31,490.24 2 1
github.com/vmpx/vmp-x/internal/lift/x64/lift.go:490.24,492.4 1 1
github.com/vmpx/vmp-x/internal/lift/x64/lift.go:493.3,493.38 1 1
github.com/vmpx/vmp-x/internal/lift/x64/lift.go:495.18,501.3 1 1
github.com/vmpx/vmp-x/internal/lift/x64/lift.go:501.3,503.34 2 1
github.com/vmpx/vmp-x/internal/lift/x64/lift.go:503.34,505.5 1 0
github.com/vmpx/vmp-x/internal/lift/x64/lift.go:506.4,507.43 2 1
github.com/vmpx/vmp-x/internal/lift/x64/lift.go:507.43,509.5 1 1
github.com/vmpx/vmp-x/internal/lift/x64/lift.go:509.10,509.43 1 0
github.com/vmpx/vmp-x/internal/lift/x64/lift.go:509.43,511.19 2 0
github.com/vmpx/vmp-x/internal/lift/x64/lift.go:511.19,513.6 1 0
github.com/vmpx/vmp-x/internal/lift/x64/lift.go:514.5,517.19 3 0
github.com/vmpx/vmp-x/internal/lift/x64/lift.go:518.10,520.5 1 0
github.com/vmpx/vmp-x/internal/lift/x64/lift.go:521.4,524.14 4 1
github.com/vmpx/vmp-x/internal/lift/x64/lift.go:527.17,530.3 1 1
github.com/vmpx/vmp-x/internal/lift/x64/lift.go:530.3,532.34 2 1
github.com/vmpx/vmp-x/internal/lift/x64/lift.go:532.34,534.5 1 0
github.com/vmpx/vmp-x/internal/lift/x64/lift.go:535.4,536.43 2 1
github.com/vmpx/vmp-x/internal/lift/x64/lift.go:536.43,538.5 1 1
github.com/vmpx/vmp-x/internal/lift/x64/lift.go:538.10,538.43 1 0
github.com/vmpx/vmp-x/internal/lift/x64/lift.go:538.43,540.19 2 0
github.com/vmpx/vmp-x/internal/lift/x64/lift.go:540.19,542.6 1 0
github.com/vmpx/vmp-x/internal/lift/x64/lift.go:543.5,546.19 3 0
github.com/vmpx/vmp-x/internal/lift/x64/lift.go:547.10,549.5 1 0
github.com/vmpx/vmp-x/internal/lift/x64/lift.go:550.4,550.45 1 1
github.com/vmpx/vmp-x/internal/lift/x64/lift.go:550.45,553.5 2 1
github.com/vmpx/vmp-x/internal/lift/x64/lift.go:554.4,554.38 1 0
github.com/vmpx/vmp-x/internal/lift/x64/lift.go:554.38,557.5 2 0
github.com/vmpx/vmp-x/internal/lift/x64/lift.go:558.4,558.58 1 0
github.com/vmpx/vmp-x/internal/lift/x64/lift.go:561.58,563.3 1 1
github.com/vmpx/vmp-x/internal/lift/x64/lift.go:563.3,565.49 2 1
github.com/vmpx/vmp-x/internal/lift/x64/lift.go:565.49,567.5 1 0
github.com/vmpx/vmp-x/internal/lift/x64/lift.go:568.4,569.12 2 1
github.com/vmpx/vmp-x/internal/lift/x64/lift.go:569.12,571.5 1 0
github.com/vmpx/vmp-x/internal/lift/x64/lift.go:572.4,573.14 2 1
github.com/vmpx/vmp-x/internal/lift/x64/lift.go:574.20,575.18 1 1
github.com/vmpx/vmp-x/internal/lift/x64/lift.go:576.22,577.20 1 0
github.com/vmpx/vmp-x/internal/lift/x64/lift.go:578.22,579.20 1 0
github.com/vmpx/vmp-x/internal/lift/x64/lift.go:581.4,581.47 1 1
github.com/vmpx/vmp-x/internal/lift/x64/lift.go:581.47,584.5 2 1
github.com/vmpx/vmp-x/internal/lift/x64/lift.go:585.4,585.38 1 0
github.com/vmpx/vmp-x/internal/lift/x64/lift.go:585.38,587.20 2 0
github.com/vmpx/vmp-x/internal/lift/x64/lift.go:587.20,589.6 1 0
github.com/vmpx/vmp-x/internal/lift/x64/lift.go:590.5,594.15 4 0
github.com/vmpx/vmp-x/internal/lift/x64/lift.go:596.4,596.57 1 0
github.com/vmpx/vmp-x/internal/lift/x64/lift.go:599.19,600.33 1 0
github.com/vmpx/vmp-x/internal/lift/x64/lift.go:602.66,607.40 2 0
github.com/vmpx/vmp-x/internal/lift/x64/lift.go:609.54,614.42 3 0
github.com/vmpx/vmp-x/internal/lift/x64/lift.go:614.42,617.4 2 0
github.com/vmpx/vmp-x/internal/lift/x64/lift.go:618.3,618.35 1 0
github.com/vmpx/vmp-x/internal/lift/x64/lift.go:618.35,620.18 2 0
github.com/vmpx/vmp-x/internal/lift/x64/lift.go:620.18,622.5 1 0
github.com/vmpx/vmp-x/internal/lift/x64/lift.go:623.4,628.14 5 0
github.com/vmpx/vmp-x/internal/lift/x64/lift.go:630.3,630.62 1 0
github.com/vmpx/vmp-x/internal/lift/x64/lift.go:632.49,634.10 2 0
github.com/vmpx/vmp-x/internal/lift/x64/lift.go:634.10,636.4 1 0
github.com/vmpx/vmp-x/internal/lift/x64/lift.go:637.3,638.48 2 0
github.com/vmpx/vmp-x/internal/lift/x64/lift.go:638.48,640.4 1 0
github.com/vmpx/vmp-x/internal/lift/x64/lift.go:641.3,641.47 1 0
github.com/vmpx/vmp-x/internal/lift/x64/lift.go:641.47,644.4 2 0
github.com/vmpx/vmp-x/internal/lift/x64/lift.go:645.3,645.35 1 0
github.com/vmpx/vmp-x/internal/lift/x64/lift.go:645.35,647.18 2 0
github.com/vmpx/vmp-x/internal/lift/x64/lift.go:647.18,649.5 1 0
github.com/vmpx/vmp-x/internal/lift/x64/lift.go:650.4,654.14 4 0
github.com/vmpx/vmp-x/internal/lift/x64/lift.go:656.3,656.54 1 0
github.com/vmpx/vmp-x/internal/lift/x64/lift.go:658.19,660.13 2 0
github.com/vmpx/vmp-x/internal/lift/x64/lift.go:662.19,663.42 1 0
github.com/vmpx/vmp-x/internal/lift/x64/lift.go:663.42,664.19 1 0
github.com/vmpx/vmp-x/internal/lift/x64/lift.go:664.19,666.5 1 0
github.com/vmpx/vmp-x/internal/lift/x64/lift.go:667.4,668.14 2 0
github.com/vmpx/vmp-x/internal/lift/x64/lift.go:670.3,670.35 1 0
github.com/vmpx/vmp-x/internal/lift/x64/lift.go:670.35,673.4 2 0
github.com/vmpx/vmp-x/internal/lift/x64/lift.go:674.3,674.51 1 0
github.com/vmpx/vmp-x/internal/lift/x64/lift.go:676.18,678.25 2 0
github.com/vmpx/vmp-x/internal/lift/x64/lift.go:678.25,680.4 1 0
github.com/vmpx/vmp-x/internal/lift/x64/lift.go:681.3,682.13 2 0
github.com/vmpx/vmp-x/internal/lift/x64/lift.go:684.18,685.37 1 1
github.com/vmpx/vmp-x/internal/lift/x64/lift.go:685.37,689.4 3 0
github.com/vmpx/vmp-x/internal/lift/x64/lift.go:692.3,692.35 1 1
github.com/vmpx/vmp-x/internal/lift/x64/lift.go:692.35,694.4 1 1
github.com/vmpx/vmp-x/internal/lift/x64/lift.go:696.3,696.42 1 0
github.com/vmpx/vmp-x/internal/lift/x64/lift.go:696.42,698.4 1 0
github.com/vmpx/vmp-x/internal/lift/x64/lift.go:699.3,699.82 1 0
github.com/vmpx/vmp-x/internal/lift/x64/lift.go:701.19,703.37 1 1
github.com/vmpx/vmp-x/internal/lift/x64/lift.go:703.37,705.28 2 0
github.com/vmpx/vmp-x/internal/lift/x64/lift.go:705.28,707.5 1 0
github.com/vmpx/vmp-x/internal/lift/x64/lift.go:708.4,709.14 2 0
github.com/vmpx/vmp-x/internal/lift/x64/lift.go:714.3,714.46 1 1
github.com/vmpx/vmp-x/internal/lift/x64/lift.go:714.46,717.4 2 1
github.com/vmpx/vmp-x/internal/lift/x64/lift.go:718.3,718.37 1 1
github.com/vmpx/vmp-x/internal/lift/x64/lift.go:718.37,720.19 2 1
github.com/vmpx/vmp-x/internal/lift/x64/lift.go:720.19,722.5 1 0
github.com/vmpx/vmp-x/internal/lift/x64/lift.go:723.4,726.14 3 1
github.com/vmpx/vmp-x/internal/lift/x64/lift.go:728.3,728.63 1 0
github.com/vmpx/vmp-x/internal/lift/x64/lift.go:730.18,732.13 2 1
github.com/vmpx/vmp-x/internal/lift/x64/lift.go:736.2,736.55 1 1
github.com/vmpx/vmp-x/internal/lift/x64/lift.go:736.55,738.3 1 1
github.com/vmpx/vmp-x/internal/lift/x64/lift.go:747.2,747.35 1 1
github.com/vmpx/vmp-x/internal/lift/x64/lift.go:747.35,750.47 2 1
github.com/vmpx/vmp-x/internal/lift/x64/lift.go:750.47,758.4 7 1
github.com/vmpx/vmp-x/internal/lift/x64/lift.go:759.3,760.11 2 0
github.com/vmpx/vmp-x/internal/lift/x64/lift.go:760.11,762.4 1 0
github.com/vmpx/vmp-x/internal/lift/x64/lift.go:763.3,764.17 2 0
github.com/vmpx/vmp-x/internal/lift/x64/lift.go:764.17,766.4 1 0
github.com/vmpx/vmp-x/internal/lift/x64/lift.go:767.3,774.13 8 0
github.com/vmpx/vmp-x/internal/lift/x64/lift.go:776.2,776.36 1 1
github.com/vmpx/vmp-x/internal/lift/x64/lift.go:776.36,778.11 2 1
github.com/vmpx/vmp-x/internal/lift/x64/lift.go:778.11,780.4 1 0
github.com/vmpx/vmp-x/internal/lift/x64/lift.go:781.3,783.46 3 1
[...]
github.com/vmpx/vmp-x/internal/lift/arm64/lift.go:296.73,296.73 0 1
github.com/vmpx/vmp-x/internal/lift/arm64/lift.go:297.10,298.70 1 0
github.com/vmpx/vmp-x/internal/lift/arm64/lift.go:301.2,308.20 8 1
github.com/vmpx/vmp-x/internal/lift/arm64/lift.go:308.20,310.3 1 0
github.com/vmpx/vmp-x/internal/lift/arm64/lift.go:311.2,311.40 1 1
github.com/vmpx/vmp-x/internal/lift/arm64/lift.go:311.40,314.3 1 0
github.com/vmpx/vmp-x/internal/lift/arm64/lift.go:315.2,316.16 2 1
github.com/vmpx/vmp-x/internal/lift/arm64/lift.go:316.16,318.3 1 0
github.com/vmpx/vmp-x/internal/lift/arm64/lift.go:319.2,319.29 1 1
github.com/vmpx/vmp-x/internal/lift/arm64/lift.go:319.29,322.20 2 1
github.com/vmpx/vmp-x/internal/lift/arm64/lift.go:322.20,325.4 1 1
github.com/vmpx/vmp-x/internal/lift/arm64/lift.go:326.3,326.13 1 1
github.com/vmpx/vmp-x/internal/lift/arm64/lift.go:326.13,329.4 1 1
github.com/vmpx/vmp-x/internal/lift/arm64/lift.go:330.3,330.12 1 1
github.com/vmpx/vmp-x/internal/lift/arm64/lift.go:332.2,333.13 2 1
github.com/vmpx/vmp-x/internal/lift/arm64/lift.go:334.12,335.16 1 1
github.com/vmpx/vmp-x/internal/lift/arm64/lift.go:336.9,337.15 1 1
github.com/vmpx/vmp-x/internal/lift/arm64/lift.go:338.10,339.16 1 1
github.com/vmpx/vmp-x/internal/lift/arm64/lift.go:341.2,342.54 2 1
github.com/vmpx/vmp-x/internal/lift/arm64/lift.go:342.54,347.3 2 1
github.com/vmpx/vmp-x/internal/lift/arm64/lift.go:348.2,349.9 2 1
github.com/vmpx/vmp-x/internal/lift/arm64/lift.go:349.9,351.3 1 1
github.com/vmpx/vmp-x/internal/lift/arm64/lift.go:352.2,354.12 2 1
github.com/vmpx/vmp-x/internal/lift/arm64/lift.go:357.66,358.16 1 1
github.com/vmpx/vmp-x/internal/lift/arm64/lift.go:359.91,359.91 0 1
github.com/vmpx/vmp-x/internal/lift/arm64/lift.go:360.10,361.68 1 0
github.com/vmpx/vmp-x/internal/lift/arm64/lift.go:363.2,367.16 5 1
github.com/vmpx/vmp-x/internal/lift/arm64/lift.go:367.16,369.3 1 1
github.com/vmpx/vmp-x/internal/lift/arm64/lift.go:370.2,371.13 2 1
github.com/vmpx/vmp-x/internal/lift/arm64/lift.go:372.12,373.16 1 1
github.com/vmpx/vmp-x/internal/lift/arm64/lift.go:374.9,375.15 1 1
github.com/vmpx/vmp-x/internal/lift/arm64/lift.go:376.10,377.16 1 1
github.com/vmpx/vmp-x/internal/lift/arm64/lift.go:379.2,380.28 2 1
github.com/vmpx/vmp-x/internal/lift/arm64/lift.go:380.28,384.3 2 1
github.com/vmpx/vmp-x/internal/lift/arm64/lift.go:385.2,386.9 2 1
github.com/vmpx/vmp-x/internal/lift/arm64/lift.go:386.9,388.3 1 1
github.com/vmpx/vmp-x/internal/lift/arm64/lift.go:389.2,393.12 3 1
github.com/vmpx/vmp-x/internal/lift/arm64/lift.go:398.64,404.27 6 1
github.com/vmpx/vmp-x/internal/lift/arm64/lift.go:404.27,406.3 1 0
github.com/vmpx/vmp-x/internal/lift/arm64/lift.go:407.2,409.13 3 1
github.com/vmpx/vmp-x/internal/lift/arm64/lift.go:410.12,412.18 2 1
github.com/vmpx/vmp-x/internal/lift/arm64/lift.go:412.18,414.4 1 1
github.com/vmpx/vmp-x/internal/lift/arm64/lift.go:415.9,415.9 0 1
github.com/vmpx/vmp-x/internal/lift/arm64/lift.go:416.10,418.18 2 1
github.com/vmpx/vmp-x/internal/lift/arm64/lift.go:418.18,420.4 1 1
github.com/vmpx/vmp-x/internal/lift/arm64/lift.go:421.3,428.13 2 1
github.com/vmpx/vmp-x/internal/lift/arm64/lift.go:430.2,432.12 2 1
github.com/vmpx/vmp-x/internal/lift/arm64/lift.go:435.64,442.16 7 1
github.com/vmpx/vmp-x/internal/lift/arm64/lift.go:442.16,444.3 1 0
github.com/vmpx/vmp-x/internal/lift/arm64/lift.go:446.2,446.16 1 1
github.com/vmpx/vmp-x/internal/lift/arm64/lift.go:447.48,449.10 2 1
github.com/vmpx/vmp-x/internal/lift/arm64/lift.go:449.10,451.4 1 0
github.com/vmpx/vmp-x/internal/lift/arm64/lift.go:452.3,452.37 1 1
github.com/vmpx/vmp-x/internal/lift/arm64/lift.go:452.37,454.4 1 0
github.com/vmpx/vmp-x/internal/lift/arm64/lift.go:455.3,456.17 2 1
github.com/vmpx/vmp-x/internal/lift/arm64/lift.go:457.21,458.17 1 1
github.com/vmpx/vmp-x/internal/lift/arm64/lift.go:459.21,460.17 1 1
github.com/vmpx/vmp-x/internal/lift/arm64/lift.go:461.11,462.17 1 1
github.com/vmpx/vmp-x/internal/lift/arm64/lift.go:464.3,466.13 2 1
github.com/vmpx/vmp-x/internal/lift/arm64/lift.go:470.2,472.35 3 1
github.com/vmpx/vmp-x/internal/lift/arm64/lift.go:472.35,474.3 1 1
github.com/vmpx/vmp-x/internal/lift/arm64/lift.go:475.2,476.16 2 1
github.com/vmpx/vmp-x/internal/lift/arm64/lift.go:477.36,478.41 1 1
github.com/vmpx/vmp-x/internal/lift/arm64/lift.go:478.41,480.4 1 0
github.com/vmpx/vmp-x/internal/lift/arm64/lift.go:481.38,482.49 1 1
github.com/vmpx/vmp-x/internal/lift/arm64/lift.go:482.49,484.4 1 0
github.com/vmpx/vmp-x/internal/lift/arm64/lift.go:485.10,486.77 1 0
github.com/vmpx/vmp-x/internal/lift/arm64/lift.go:488.2,488.22 1 1
github.com/vmpx/vmp-x/internal/lift/arm64/lift.go:488.22,490.3 1 0
github.com/vmpx/vmp-x/internal/lift/arm64/lift.go:491.2,491.54 1 1
github.com/vmpx/vmp-x/internal/lift/arm64/lift.go:491.54,494.3 1 1
github.com/vmpx/vmp-x/internal/lift/arm64/lift.go:495.2,495.54 1 1
github.com/vmpx/vmp-x/internal/lift/arm64/lift.go:495.54,498.3 1 1
github.com/vmpx/vmp-x/internal/lift/arm64/lift.go:499.2,499.54 1 1
github.com/vmpx/vmp-x/internal/lift/arm64/lift.go:499.54,502.3 1 1
github.com/vmpx/vmp-x/internal/lift/arm64/lift.go:503.2,503.43 1 1
github.com/vmpx/vmp-x/internal/lift/arm64/lift.go:503.43,505.3 1 1
github.com/vmpx/vmp-x/internal/lift/arm64/lift.go:506.2,506.16 1 1
github.com/vmpx/vmp-x/internal/lift/arm64/lift.go:507.21,508.15 1 1
github.com/vmpx/vmp-x/internal/lift/arm64/lift.go:508.15,510.4 1 1
github.com/vmpx/vmp-x/internal/lift/arm64/lift.go:510.9,512.4 1 1
github.com/vmpx/vmp-x/internal/lift/arm64/lift.go:513.3,513.36 1 1
github.com/vmpx/vmp-x/internal/lift/arm64/lift.go:513.36,515.4 1 1
github.com/vmpx/vmp-x/internal/lift/arm64/lift.go:515.9,517.4 1 0
github.com/vmpx/vmp-x/internal/lift/arm64/lift.go:518.22,519.36 1 1
github.com/vmpx/vmp-x/internal/lift/arm64/lift.go:519.36,521.4 1 1
github.com/vmpx/vmp-x/internal/lift/arm64/lift.go:521.9,523.4 1 0
github.com/vmpx/vmp-x/internal/lift/arm64/lift.go:524.3,524.15 1 1
github.com/vmpx/vmp-x/internal/lift/arm64/lift.go:524.15,526.4 1 1
github.com/vmpx/vmp-x/internal/lift/arm64/lift.go:526.9,528.4 1 0
github.com/vmpx/vmp-x/internal/lift/arm64/lift.go:529.21,530.42 1 1
github.com/vmpx/vmp-x/internal/lift/arm64/lift.go:530.42,532.4 1 1
github.com/vmpx/vmp-x/internal/lift/arm64/lift.go:532.9,534.4 1 0
github.com/vmpx/vmp-x/internal/lift/arm64/lift.go:535.3,535.55 1 1
github.com/vmpx/vmp-x/internal/lift/arm64/lift.go:536.10,537.86 1 1
github.com/vmpx/vmp-x/internal/lift/arm64/lift.go:539.2,539.12 1 1
github.com/vmpx/vmp-x/internal/lift/arm64/lift.go:543.65,544.16 1 1
github.com/vmpx/vmp-x/internal/lift/arm64/lift.go:545.65,545.65 0 1
github.com/vmpx/vmp-x/internal/lift/arm64/lift.go:546.10,547.68 1 0
github.com/vmpx/vmp-x/internal/lift/arm64/lift.go:549.2,555.55 7 1
github.com/vmpx/vmp-x/internal/lift/arm64/lift.go:555.55,557.3 1 0
github.com/vmpx/vmp-x/internal/lift/arm64/lift.go:558.2,559.16 2 1
github.com/vmpx/vmp-x/internal/lift/arm64/lift.go:559.16,561.3 1 0
github.com/vmpx/vmp-x/internal/lift/arm64/lift.go:562.2,563.16 2 1
github.com/vmpx/vmp-x/internal/lift/arm64/lift.go:563.16,565.3 1 0
github.com/vmpx/vmp-x/internal/lift/arm64/lift.go:566.2,567.16 2 1
github.com/vmpx/vmp-x/internal/lift/arm64/lift.go:567.16,569.3 1 0
github.com/vmpx/vmp-x/internal/lift/arm64/lift.go:570.2,575.9 4 1
github.com/vmpx/vmp-x/internal/lift/arm64/lift.go:575.9,577.3 1 1
github.com/vmpx/vmp-x/internal/lift/arm64/lift.go:578.2,580.12 2 1
github.com/vmpx/vmp-x/internal/lift/arm64/lift.go:585.91,587.9 2 1
github.com/vmpx/vmp-x/internal/lift/arm64/lift.go:587.9,589.3 1 0
github.com/vmpx/vmp-x/internal/lift/arm64/lift.go:590.2,590.27 1 1
github.com/vmpx/vmp-x/internal/lift/arm64/lift.go:590.27,591.24 1 0
github.com/vmpx/vmp-x/internal/lift/arm64/lift.go:591.24,593.4 1 0
github.com/vmpx/vmp-x/internal/lift/arm64/lift.go:594.3,595.24 2 0
github.com/vmpx/vmp-x/internal/lift/arm64/lift.go:595.24,597.4 1 0
github.com/vmpx/vmp-x/internal/lift/arm64/lift.go:598.3,603.13 2 0
github.com/vmpx/vmp-x/internal/lift/arm64/lift.go:605.2,606.9 2 1
github.com/vmpx/vmp-x/internal/lift/arm64/lift.go:606.9,608.3 1 0
github.com/vmpx/vmp-x/internal/lift/arm64/lift.go:609.2,610.12 2 1
github.com/vmpx/vmp-x/internal/lift/arm64/lift.go:613.92,615.9 2 1
github.com/vmpx/vmp-x/internal/lift/arm64/lift.go:615.9,617.3 1 0
github.com/vmpx/vmp-x/internal/lift/arm64/lift.go:618.2,619.9 2 1
github.com/vmpx/vmp-x/internal/lift/arm64/lift.go:619.9,621.3 1 1
github.com/vmpx/vmp-x/internal/lift/arm64/lift.go:622.2,623.9 2 1
github.com/vmpx/vmp-x/internal/lift/arm64/lift.go:623.9,625.3 1 0
github.com/vmpx/vmp-x/internal/lift/arm64/lift.go:626.2,628.12 2 1
github.com/vmpx/vmp-x/internal/lift/arm64/lift.go:631.95,633.9 2 1
github.com/vmpx/vmp-x/internal/lift/arm64/lift.go:633.9,635.3 1 0
github.com/vmpx/vmp-x/internal/lift/arm64/lift.go:636.2,637.9 2 1
github.com/vmpx/vmp-x/internal/lift/arm64/lift.go:637.9,639.3 1 1
github.com/vmpx/vmp-x/internal/lift/arm64/lift.go:640.2,641.16 2 1
github.com/vmpx/vmp-x/internal/lift/arm64/lift.go:641.16,643.3 1 0
github.com/vmpx/vmp-x/internal/lift/arm64/lift.go:644.2,645.26 2 1
github.com/vmpx/vmp-x/internal/lift/arm64/lift.go:645.26,650.3 2 1
github.com/vmpx/vmp-x/internal/lift/arm64/lift.go:651.2,652.29 2 1
github.com/vmpx/vmp-x/internal/lift/arm64/lift.go:652.29,654.3 1 1
github.com/vmpx/vmp-x/internal/lift/arm64/lift.go:655.2,657.12 2 1
github.com/vmpx/vmp-x/internal/lift/arm64/lift.go:660.92,662.9 2 1
github.com/vmpx/vmp-x/internal/lift/arm64/lift.go:662.9,664.3 1 0
github.com/vmpx/vmp-x/internal/lift/arm64/lift.go:665.2,666.9 2 1
github.com/vmpx/vmp-x/internal/lift/arm64/lift.go:666.9,668.3 1 0
github.com/vmpx/vmp-x/internal/lift/arm64/lift.go:669.2,670.16 2 1
github.com/vmpx/vmp-x/internal/lift/arm64/lift.go:670.16,672.3 1 0
github.com/vmpx/vmp-x/internal/lift/arm64/lift.go:673.2,675.26 3 1
github.com/vmpx/vmp-x/internal/lift/arm64/lift.go:675.26,678.3 2 1
github.com/vmpx/vmp-x/internal/lift/arm64/lift.go:679.2,679.22 1 1
github.com/vmpx/vmp-x/internal/lift/arm64/lift.go:679.22,681.3 1 0
github.com/vmpx/vmp-x/internal/lift/arm64/lift.go:682.2,683.17 2 1
github.com/vmpx/vmp-x/internal/lift/arm64/lift.go:683.17,685.3 1 1
github.com/vmpx/vmp-x/internal/lift/arm64/lift.go:686.2,692.29 4 1
github.com/vmpx/vmp-x/internal/lift/arm64/lift.go:692.29,694.3 1 1
github.com/vmpx/vmp-x/internal/lift/arm64/lift.go:695.2,697.12 2 1
github.com/vmpx/vmp-x/internal/lift/arm64/lift.go:700.65,701.16 1 1
github.com/vmpx/vmp-x/internal/lift/arm64/lift.go:702.20,704.13 2 1
github.com/vmpx/vmp-x/internal/lift/arm64/lift.go:706.2,706.96 1 1
github.com/vmpx/vmp-x/internal/lift/arm64/lift.go:709.61,711.9 2 1
github.com/vmpx/vmp-x/internal/lift/arm64/lift.go:711.9,713.3 1 0
github.com/vmpx/vmp-x/internal/lift/arm64/lift.go:714.2,716.28 3 1
github.com/vmpx/vmp-x/internal/lift/arm64/lift.go:716.28,718.3 1 1
github.com/vmpx/vmp-x/internal/lift/arm64/lift.go:718.8,720.3 1 0
github.com/vmpx/vmp-x/internal/lift/arm64/lift.go:721.2,721.26 1 1
github.com/vmpx/vmp-x/internal/lift/arm64/lift.go:721.26,723.3 1 0
github.com/vmpx/vmp-x/internal/lift/arm64/lift.go:724.2,725.44 2 1
github.com/vmpx/vmp-x/internal/lift/arm64/lift.go:725.44,727.3 1 0
github.com/vmpx/vmp-x/internal/lift/arm64/lift.go:728.2,730.12 2 1
github.com/vmpx/vmp-x/internal/lift/arm64/lift.go:736.46,737.14 1 1
github.com/vmpx/vmp-x/internal/lift/arm64/lift.go:737.14,739.3 1 1
github.com/vmpx/vmp-x/internal/lift/arm64/lift.go:740.2,740.32 1 1
github.com/vmpx/vmp-x/internal/lift/arm64/lift.go:743.34,744.11 1 1
github.com/vmpx/vmp-x/internal/lift/arm64/lift.go:745.9,746.16 1 1
github.com/vmpx/vmp-x/internal/lift/arm64/lift.go:747.9,748.16 1 1
github.com/vmpx/vmp-x/internal/lift/arm64/lift.go:749.10,750.16 1 1
github.com/vmpx/vmp-x/internal/lift/arm64/lift.go:754.28,755.20 1 1
github.com/vmpx/vmp-x/internal/lift/arm64/lift.go:755.20,757.3 1 1
github.com/vmpx/vmp-x/internal/lift/arm64/lift.go:758.2,758.15 1 1
github.com/vmpx/vmp-x/internal/lift/arm64/lift.go:762.39,763.9 1 1
github.com/vmpx/vmp-x/internal/lift/arm64/lift.go:764.15,765.24 1 1
github.com/vmpx/vmp-x/internal/lift/arm64/lift.go:766.15,767.17 1 1
github.com/vmpx/vmp-x/internal/lift/arm64/lift.go:769.2,769.54 1 0
github.com/vmpx/vmp-x/internal/lift/arm64/lift.go:773.40,774.13 1 1
github.com/vmpx/vmp-x/internal/lift/arm64/lift.go:774.13,776.3 1 1
github.com/vmpx/vmp-x/internal/lift/arm64/lift.go:777.2,777.17 1 1
github.com/vmpx/vmp-x/internal/lift/arm64/lift.go:781.36,782.13 1 1
github.com/vmpx/vmp-x/internal/lift/arm64/lift.go:782.13,784.3 1 1
github.com/vmpx/vmp-x/internal/lift/arm64/lift.go:785.2,785.12 1 1
github.com/vmpx/vmp-x/internal/lift/arm64/lift.go:790.65,791.11 1 1
github.com/vmpx/vmp-x/internal/lift/arm64/lift.go:791.11,793.3 1 1
github.com/vmpx/vmp-x/internal/lift/arm64/lift.go:794.2,794.17 1 1
github.com/vmpx/vmp-x/internal/lift/arm64/lift.go:794.17,796.3 1 0
github.com/vmpx/vmp-x/internal/lift/arm64/lift.go:797.2,798.14 2 1
github.com/vmpx/vmp-x/internal/lift/arm64/lift.go:798.14,802.3 1 1
github.com/vmpx/vmp-x/internal/lift/arm64/lift.go:803.2,803.18 1 1
github.com/vmpx/vmp-x/internal/lift/arm64/mem.go:45.42,49.17 2 1
github.com/vmpx/vmp-x/internal/lift/arm64/mem.go:49.17,51.3 1 1
github.com/vmpx/vmp-x/internal/lift/arm64/mem.go:52.2,52.17 1 1
github.com/vmpx/vmp-x/internal/lift/arm64/mem.go:56.53,61.9 5 1
github.com/vmpx/vmp-x/internal/lift/arm64/mem.go:62.24,67.21 5 0
github.com/vmpx/vmp-x/internal/lift/arm64/mem.go:68.24,75.18 7 0
github.com/vmpx/vmp-x/internal/lift/arm64/mem.go:75.18,77.4 1 0
github.com/vmpx/vmp-x/internal/lift/arm64/mem.go:78.3,78.15 1 0
github.com/vmpx/vmp-x/internal/lift/arm64/mem.go:78.15,80.4 1 0
github.com/vmpx/vmp-x/internal/lift/arm64/mem.go:80.9,82.4 1 0
github.com/vmpx/vmp-x/internal/lift/arm64/mem.go:83.3,83.27 1 0
github.com/vmpx/vmp-x/internal/lift/arm64/mem.go:84.10,90.15 6 1
github.com/vmpx/vmp-x/internal/lift/arm64/mem.go:91.13,92.22 1 1
github.com/vmpx/vmp-x/internal/lift/arm64/mem.go:93.10,94.25 1 1
github.com/vmpx/vmp-x/internal/lift/arm64/mem.go:95.10,96.24 1 1
github.com/vmpx/vmp-x/internal/lift/arm64/mem.go:99.2,99.16 1 1
github.com/vmpx/vmp-x/internal/lift/arm64/mem.go:102.46,103.13 1 1
github.com/vmpx/vmp-x/internal/lift/arm64/mem.go:103.13,105.3 1 1
github.com/vmpx/vmp-x/internal/lift/arm64/mem.go:106.2,106.19 1 1
github.com/vmpx/vmp-x/internal/lift/arm64/mem.go:106.19,108.3 1 1
github.com/vmpx/vmp-x/internal/lift/arm64/mem.go:109.2,109.66 1 0
github.com/vmpx/vmp-x/internal/lift/arm64/mem.go:112.40,113.14 1 1
github.com/vmpx/vmp-x/internal/lift/arm64/mem.go:114.9,115.15 1 1
github.com/vmpx/vmp-x/internal/lift/arm64/mem.go:116.9,117.16 1 1
github.com/vmpx/vmp-x/internal/lift/arm64/mem.go:118.9,119.16 1 1
github.com/vmpx/vmp-x/internal/lift/arm64/mem.go:120.10,121.16 1 1
github.com/vmpx/vmp-x/internal/lift/arm64/mem.go:125.34,126.9 1 1
github.com/vmpx/vmp-x/internal/lift/arm64/mem.go:127.21,128.18 1 1
github.com/vmpx/vmp-x/internal/lift/arm64/mem.go:129.23,130.27 1 0
github.com/vmpx/vmp-x/internal/lift/arm64/mem.go:131.10,132.12 1 0
github.com/vmpx/vmp-x/internal/lift/arm64/mem.go:137.65,141.27 4 1
github.com/vmpx/vmp-x/internal/lift/arm64/mem.go:141.27,143.3 1 0
github.com/vmpx/vmp-x/internal/lift/arm64/mem.go:144.2,145.16 2 1
github.com/vmpx/vmp-x/internal/lift/arm64/mem.go:145.16,147.3 1 0
github.com/vmpx/vmp-x/internal/lift/arm64/mem.go:148.2,149.12 2 1
github.com/vmpx/vmp-x/internal/lift/arm64/mem.go:149.12,151.3 1 0
github.com/vmpx/vmp-x/internal/lift/arm64/mem.go:152.2,154.16 3 1
github.com/vmpx/vmp-x/internal/lift/arm64/mem.go:154.16,156.3 1 0
github.com/vmpx/vmp-x/internal/lift/arm64/mem.go:159.2,160.28 2 1
github.com/vmpx/vmp-x/internal/lift/arm64/mem.go:160.28,162.3 1 1
github.com/vmpx/vmp-x/internal/lift/arm64/mem.go:163.2,164.16 2 1
github.com/vmpx/vmp-x/internal/lift/arm64/mem.go:164.16,166.3 1 0
github.com/vmpx/vmp-x/internal/lift/arm64/mem.go:167.2,167.45 1 1
github.com/vmpx/vmp-x/internal/lift/arm64/mem.go:167.45,169.3 1 0
github.com/vmpx/vmp-x/internal/lift/arm64/mem.go:170.2,170.14 1 1
github.com/vmpx/vmp-x/internal/lift/arm64/mem.go:170.14,172.17 2 1
github.com/vmpx/vmp-x/internal/lift/arm64/mem.go:172.17,174.4 1 0
github.com/vmpx/vmp-x/internal/lift/arm64/mem.go:175.3,176.73 1 1
github.com/vmpx/vmp-x/internal/lift/arm64/mem.go:177.8,179.27 2 1
github.com/vmpx/vmp-x/internal/lift/arm64/mem.go:179.27,181.39 2 1
github.com/vmpx/vmp-x/internal/lift/arm64/mem.go:181.39,183.5 1 1
github.com/vmpx/vmp-x/internal/lift/arm64/mem.go:184.4,188.48 1 1
github.com/vmpx/vmp-x/internal/lift/arm64/mem.go:189.9,189.48 1 1
github.com/vmpx/vmp-x/internal/lift/arm64/mem.go:189.48,192.4 1 1
github.com/vmpx/vmp-x/internal/lift/arm64/mem.go:192.9,197.4 1 1
github.com/vmpx/vmp-x/internal/lift/arm64/mem.go:199.2,199.53 1 1
github.com/vmpx/vmp-x/internal/lift/arm64/mem.go:199.53,200.74 1 1
github.com/vmpx/vmp-x/internal/lift/arm64/mem.go:200.74,202.4 1 0
github.com/vmpx/vmp-x/internal/lift/arm64/mem.go:204.2,204.12 1 1
github.com/vmpx/vmp-x/internal/lift/arm64/mem.go:208.102,209.15 1 1
github.com/vmpx/vmp-x/internal/lift/arm64/mem.go:209.15,211.3 1 1
github.com/vmpx/vmp-x/internal/lift/arm64/mem.go:212.2,214.14 3 1
github.com/vmpx/vmp-x/internal/lift/arm64/mem.go:214.14,217.3 2 1
github.com/vmpx/vmp-x/internal/lift/arm64/mem.go:218.2,220.10 2 1
github.com/vmpx/vmp-x/internal/lift/arm64/mem.go:220.10,222.3 1 1
github.com/vmpx/vmp-x/internal/lift/arm64/mem.go:223.2,223.12 1 1
github.com/vmpx/vmp-x/internal/lift/arm64/mem.go:227.69,232.14 5 1
github.com/vmpx/vmp-x/internal/lift/arm64/mem.go:233.9,234.13 1 1
github.com/vmpx/vmp-x/internal/lift/arm64/mem.go:235.9,236.13 1 1
github.com/vmpx/vmp-x/internal/lift/arm64/mem.go:237.10,238.77 1 0
github.com/vmpx/vmp-x/internal/lift/arm64/mem.go:240.2,246.23 7 1
github.com/vmpx/vmp-x/internal/lift/arm64/mem.go:246.23,248.3 1 0
github.com/vmpx/vmp-x/internal/lift/arm64/mem.go:249.2,250.16 2 1
github.com/vmpx/vmp-x/internal/lift/arm64/mem.go:250.16,252.3 1 0
github.com/vmpx/vmp-x/internal/lift/arm64/mem.go:255.2,256.22 2 1
github.com/vmpx/vmp-x/internal/lift/arm64/mem.go:256.22,258.3 1 1
github.com/vmpx/vmp-x/internal/lift/arm64/mem.go:259.2,260.16 2 1
github.com/vmpx/vmp-x/internal/lift/arm64/mem.go:260.16,262.3 1 0
github.com/vmpx/vmp-x/internal/lift/arm64/mem.go:263.2,263.74 1 1
github.com/vmpx/vmp-x/internal/lift/arm64/mem.go:263.74,265.3 1 0
github.com/vmpx/vmp-x/internal/lift/arm64/mem.go:266.2,266.20 1 1
github.com/vmpx/vmp-x/internal/lift/arm64/mem.go:266.20,268.3 1 0
github.com/vmpx/vmp-x/internal/lift/arm64/mem.go:270.2,270.10 1 1
github.com/vmpx/vmp-x/internal/lift/arm64/mem.go:270.10,276.3 1 1
github.com/vmpx/vmp-x/internal/lift/arm64/mem.go:276.8,278.17 2 1
github.com/vmpx/vmp-x/internal/lift/arm64/mem.go:278.17,280.4 1 0
github.com/vmpx/vmp-x/internal/lift/arm64/mem.go:281.3,282.17 2 1
github.com/vmpx/vmp-x/internal/lift/arm64/mem.go:282.17,284.4 1 0
github.com/vmpx/vmp-x/internal/lift/arm64/mem.go:285.3,289.85 1 1
github.com/vmpx/vmp-x/internal/lift/arm64/mem.go:291.2,291.44 1 1
github.com/vmpx/vmp-x/internal/lift/arm64/mem.go:291.44,292.71 1 1
github.com/vmpx/vmp-x/internal/lift/arm64/mem.go:292.71,294.4 1 0
github.com/vmpx/vmp-x/internal/lift/arm64/mem.go:296.2,296.12 1 1
github.com/vmpx/vmp-x/internal/lift/arm64/mem.go:300.67,304.9 4 1
github.com/vmpx/vmp-x/internal/lift/arm64/mem.go:304.9,306.3 1 0
github.com/vmpx/vmp-x/internal/lift/arm64/mem.go:307.2,308.12 2 1
github.com/vmpx/vmp-x/internal/lift/arm64/mem.go:308.12,310.3 1 0
github.com/vmpx/vmp-x/internal/lift/arm64/mem.go:311.2,311.23 1 1
github.com/vmpx/vmp-x/internal/lift/arm64/mem.go:311.23,313.3 1 0
github.com/vmpx/vmp-x/internal/lift/arm64/mem.go:314.2,315.44 2 1
github.com/vmpx/vmp-x/internal/lift/arm64/mem.go:315.44,317.3 1 0
github.com/vmpx/vmp-x/internal/lift/arm64/mem.go:318.2,318.22 1 1
github.com/vmpx/vmp-x/internal/lift/arm64/mem.go:318.22,320.3 1 0
github.com/vmpx/vmp-x/internal/lift/arm64/mem.go:321.2,323.15 3 1
github.com/vmpx/vmp-x/internal/lift/arm64/mem.go:323.15,327.3 2 0
github.com/vmpx/vmp-x/internal/lift/arm64/mem.go:328.2,332.12 2 1
